Unity Editor version:    2022.3.13f1 (5f90a5ebde0f)
Branch:                  2022.3/staging
Build type:              Release
Batch mode:              YES
macOS version:           Version 14.3.1 (Build 23D60)
Darwin version:          23.3.0
Architecture:            arm64
Running under Rosetta:   NO
Available memory:        16384 MB
Using pre-set license
Pro License: YES

COMMAND LINE ARGUMENTS:
/Applications/Unity/Hub/Editor/2022.3.13f1/Unity.app/Contents/MacOS/Unity
-adb2
-batchMode
-noUpm
-name
AssetImportWorker0
-projectPath
/Users/rumeysaay/UnityProjeleri/Horror Survival
-logFile
Logs/AssetImportWorker0.log
-srvPort
49376
Successfully changed project path to: /Users/rumeysaay/UnityProjeleri/Horror Survival
/Users/rumeysaay/UnityProjeleri/Horror Survival
[UnityMemory] Configuration Parameters - Can be set up in boot.config
    "memorysetup-bucket-allocator-granularity=16"
    "memorysetup-bucket-allocator-bucket-count=8"
    "memorysetup-bucket-allocator-block-size=33554432"
    "memorysetup-bucket-allocator-block-count=8"
    "memorysetup-main-allocator-block-size=16777216"
    "memorysetup-thread-allocator-block-size=16777216"
    "memorysetup-gfx-main-allocator-block-size=16777216"
    "memorysetup-gfx-thread-allocator-block-size=16777216"
    "memorysetup-cache-allocator-block-size=4194304"
    "memorysetup-typetree-allocator-block-size=2097152"
    "memorysetup-profiler-bucket-allocator-granularity=16"
    "memorysetup-profiler-bucket-allocator-bucket-count=8"
    "memorysetup-profiler-bucket-allocator-block-size=33554432"
    "memorysetup-profiler-bucket-allocator-block-count=8"
    "memorysetup-profiler-allocator-block-size=16777216"
    "memorysetup-profiler-editor-allocator-block-size=1048576"
    "memorysetup-temp-allocator-size-main=16777216"
    "memorysetup-job-temp-allocator-block-size=2097152"
    "memorysetup-job-temp-allocator-block-size-background=1048576"
    "memorysetup-job-temp-allocator-reduction-small-platforms=262144"
    "memorysetup-allocator-temp-initial-block-size-main=262144"
    "memorysetup-allocator-temp-initial-block-size-worker=262144"
    "memorysetup-temp-allocator-size-background-worker=32768"
    "memorysetup-temp-allocator-size-job-worker=262144"
    "memorysetup-temp-allocator-size-preload-manager=33554432"
    "memorysetup-temp-allocator-size-nav-mesh-worker=65536"
    "memorysetup-temp-allocator-size-audio-worker=65536"
    "memorysetup-temp-allocator-size-cloud-worker=32768"
    "memorysetup-temp-allocator-size-gi-baking-worker=262144"
    "memorysetup-temp-allocator-size-gfx=262144"
Player connection [8097553472] Host "[IP] 192.168.1.102 [Port] 0 [Flags] 2 [Guid] 2185069971 [EditorId] 2185069971 [Version] 1048832 [Id] OSXEditor(0,Rumeysas-MacBook-Pro.local) [Debug] 1 [PackageName] OSXEditor [ProjectName] Editor" joined multi-casting on [225.0.0.222:54997]...

Player connection [8097553472] Host "[IP] 192.168.1.102 [Port] 0 [Flags] 2 [Guid] 2185069971 [EditorId] 2185069971 [Version] 1048832 [Id] OSXEditor(0,Rumeysas-MacBook-Pro.local) [Debug] 1 [PackageName] OSXEditor [ProjectName] Editor" joined alternative multi-casting on [225.0.0.222:34997]...

[Physics::Module] Initialized MultithreadedJobDispatcher with 9 workers.
Refreshing native plugins compatible for Editor in 0.08 ms, found 0 plugins.
Preloading 0 native plugins for Editor in 0.00 ms.
Initialize engine version: 2022.3.13f1 (5f90a5ebde0f)
[Subsystems] Discovering subsystems at path /Applications/Unity/Hub/Editor/2022.3.13f1/Unity.app/Contents/Resources/UnitySubsystems
[Subsystems] Discovering subsystems at path /Users/rumeysaay/UnityProjeleri/Horror Survival/Assets
GfxDevice: creating device client; threaded=0; jobified=0
 preferred device: Apple M1 Pro (high power)
Metal devices available: 1
0: Apple M1 Pro (high power)
Using device Apple M1 Pro (high power)
Initializing Metal device caps: Apple M1 Pro
Initialize mono
Mono path[0] = '/Applications/Unity/Hub/Editor/2022.3.13f1/Unity.app/Contents/Managed'
Mono path[1] = '/Applications/Unity/Hub/Editor/2022.3.13f1/Unity.app/Contents/MonoBleedingEdge/lib/mono/unityjit-macos'
Mono config path = '/Applications/Unity/Hub/Editor/2022.3.13f1/Unity.app/Contents/MonoBleedingEdge/etc'
Using monoOptions --debugger-agent=transport=dt_socket,embedding=1,server=y,suspend=n,address=127.0.0.1:56487
Begin MonoManager ReloadAssembly
Registering precompiled unity dll's ...
Register platform support module: /Applications/Unity/Hub/Editor/2022.3.13f1/PlaybackEngines/WebGLSupport/UnityEditor.WebGL.Extensions.dll
Register platform support module: /Applications/Unity/Hub/Editor/2022.3.13f1/Unity.app/Contents/PlaybackEngines/MacStandaloneSupport/UnityEditor.OSXStandalone.Extensions.dll
Register platform support module: /Applications/Unity/Hub/Editor/2022.3.13f1/PlaybackEngines/AndroidPlayer/UnityEditor.Android.Extensions.dll
Register platform support module: /Applications/Unity/Hub/Editor/2022.3.13f1/PlaybackEngines/iOSSupport/UnityEditor.iOS.Extensions.dll
Registered in 0.001533 seconds.
- Loaded All Assemblies, in  0.229 seconds
[usbmuxd] Start listen thread
[usbmuxd] Listen thread started
[usbmuxd] Send listen message
Native extension for iOS target not found
Native extension for Android target not found
Android Extension - Scanning For ADB Devices 81 ms
Native extension for OSXStandalone target not found
Native extension for WebGL target not found
Mono: successfully reloaded assembly
- Finished resetting the current domain, in  0.323 seconds
Domain Reload Profiling: 552ms
	BeginReloadAssembly (71ms)
		ExecutionOrderSort (0ms)
		DisableScriptedObjects (0ms)
		BackupInstance (0ms)
		ReleaseScriptingObjects (0ms)
		CreateAndSetChildDomain (0ms)
	RebuildCommonClasses (22ms)
	RebuildNativeTypeToScriptingClass (8ms)
	initialDomainReloadingComplete (29ms)
	LoadAllAssembliesAndSetupDomain (101ms)
		LoadAssemblies (72ms)
		RebuildTransferFunctionScriptingTraits (0ms)
		AnalyzeDomain (98ms)
			TypeCache.Refresh (97ms)
				TypeCache.ScanAssembly (88ms)
			ScanForSourceGeneratedMonoScriptInfo (0ms)
			ResolveRequiredComponents (0ms)
	FinalizeReload (323ms)
		ReleaseScriptCaches (0ms)
		RebuildScriptCaches (0ms)
		SetupLoadedEditorAssemblies (289ms)
			LogAssemblyErrors (0ms)
			InitializePlatformSupportModulesInManaged (203ms)
			SetLoadedEditorAssemblies (3ms)
			RefreshPlugins (0ms)
			BeforeProcessingInitializeOnLoad (1ms)
			ProcessInitializeOnLoadAttributes (55ms)
			ProcessInitializeOnLoadMethodAttributes (27ms)
			AfterProcessingInitializeOnLoad (0ms)
			EditorAssembliesLoaded (0ms)
		ExecutionOrderSort2 (0ms)
		AwakeInstancesAfterBackupRestoration (0ms)
========================================================================
Worker process is ready to serve import requests
Begin MonoManager ReloadAssembly
- Loaded All Assemblies, in  0.144 seconds
Refreshing native plugins compatible for Editor in 0.09 ms, found 0 plugins.
Native extension for iOS target not found
Native extension for Android target not found
Native extension for OSXStandalone target not found
Native extension for WebGL target not found
Mono: successfully reloaded assembly
- Finished resetting the current domain, in  0.231 seconds
Domain Reload Profiling: 376ms
	BeginReloadAssembly (69ms)
		ExecutionOrderSort (0ms)
		DisableScriptedObjects (3ms)
		BackupInstance (0ms)
		ReleaseScriptingObjects (0ms)
		CreateAndSetChildDomain (17ms)
	RebuildCommonClasses (21ms)
	RebuildNativeTypeToScriptingClass (7ms)
	initialDomainReloadingComplete (11ms)
	LoadAllAssembliesAndSetupDomain (35ms)
		LoadAssemblies (40ms)
		RebuildTransferFunctionScriptingTraits (0ms)
		AnalyzeDomain (27ms)
			TypeCache.Refresh (22ms)
				TypeCache.ScanAssembly (15ms)
			ScanForSourceGeneratedMonoScriptInfo (2ms)
			ResolveRequiredComponents (2ms)
	FinalizeReload (232ms)
		ReleaseScriptCaches (0ms)
		RebuildScriptCaches (0ms)
		SetupLoadedEditorAssemblies (143ms)
			LogAssemblyErrors (0ms)
			InitializePlatformSupportModulesInManaged (21ms)
			SetLoadedEditorAssemblies (3ms)
			RefreshPlugins (0ms)
			BeforeProcessingInitializeOnLoad (19ms)
			ProcessInitializeOnLoadAttributes (91ms)
			ProcessInitializeOnLoadMethodAttributes (9ms)
			AfterProcessingInitializeOnLoad (1ms)
			EditorAssembliesLoaded (0ms)
		ExecutionOrderSort2 (0ms)
		AwakeInstancesAfterBackupRestoration (3ms)
Launching external process: /Applications/Unity/Hub/Editor/2022.3.13f1/Unity.app/Contents/Tools/UnityShaderCompiler
Launched and connected shader compiler UnityShaderCompiler after 0.04 seconds
Refreshing native plugins compatible for Editor in 0.07 ms, found 0 plugins.
Preloading 0 native plugins for Editor in 0.00 ms.
Unloading 900 Unused Serialized files (Serialized files now loaded: 0)
Unloading 27 unused Assets / (2.1 MB). Loaded Objects now: 1386.
Memory consumption went from 121.3 MB to 119.2 MB.
Total: 2.552583 ms (FindLiveObjects: 0.057500 ms CreateObjectMapping: 0.014625 ms MarkObjects: 1.972375 ms  DeleteObjects: 0.507416 ms)

AssetImportParameters requested are different than current active one (requested -> active):
  custom:video-encoder-webm-vp8: eb34c28f22e8b96e1ab97ce403110664 -> 
  custom:video-decoder-webm-vp8: 9c59270c3fd7afecdb556c50c9e8de78 -> 
  custom:audio-decoder-ogg-vorbis: bf7c407c2cedff20999df2af8eb42d56 -> 
  custom:SearchIndexIgnoredProperties: e643bd26f0fe6173181afceb89e7c659 -> 
  custom:container-demuxer-ogg: 62fdf1f143b41e24485cea50d1cbac27 -> 
  custom:AudioImporter_EditorPlatform: 3918e3fc78b5a79bad01e8451be0beb8 -> 
  custom:CustomObjectIndexerAttribute: 756ad292c208cfabdd7b50bc23989ffe -> 
  custom:container-demuxer-webm: 4f35f7cbe854078d1ac9338744f61a02 -> 
  custom:video-decoder-ogg-theora: a1e56fd34408186e4bbccfd4996cb3dc -> 
  custom:audio-encoder-webm-vorbis: bf7c407c2cedff20999df2af8eb42d56 -> 
  custom:framework-osx-AVFoundation: e770b220cccbd017edd2c1fefb359320 -> 
  custom:scripting/precompiled-assembly-types:Assembly-CSharp: c0664b9c3fd320ff54040a9c8fdec28f -> 178c96c6c2750502c6680715b1a42da3
  custom:container-muxer-webm: aa71ff27fc2769a1b78a27578f13a17b -> 
  custom:scripting/monoscript/fileName/SaveScript.cs:  -> 0edc9d8c51ed48c692307059fb07e74a
========================================================================
Received Prepare
Begin MonoManager ReloadAssembly
Thread 0x2a838b000 may have been prematurely finalized
- Loaded All Assemblies, in  0.116 seconds
Refreshing native plugins compatible for Editor in 0.08 ms, found 0 plugins.
Native extension for iOS target not found
Native extension for Android target not found
Native extension for OSXStandalone target not found
Native extension for WebGL target not found
Mono: successfully reloaded assembly
- Finished resetting the current domain, in  0.227 seconds
Domain Reload Profiling: 343ms
	BeginReloadAssembly (69ms)
		ExecutionOrderSort (0ms)
		DisableScriptedObjects (3ms)
		BackupInstance (0ms)
		ReleaseScriptingObjects (0ms)
		CreateAndSetChildDomain (17ms)
	RebuildCommonClasses (20ms)
	RebuildNativeTypeToScriptingClass (7ms)
	initialDomainReloadingComplete (10ms)
	LoadAllAssembliesAndSetupDomain (9ms)
		LoadAssemblies (31ms)
		RebuildTransferFunctionScriptingTraits (0ms)
		AnalyzeDomain (6ms)
			TypeCache.Refresh (3ms)
				TypeCache.ScanAssembly (0ms)
			ScanForSourceGeneratedMonoScriptInfo (0ms)
			ResolveRequiredComponents (2ms)
	FinalizeReload (227ms)
		ReleaseScriptCaches (0ms)
		RebuildScriptCaches (0ms)
		SetupLoadedEditorAssemblies (137ms)
			LogAssemblyErrors (0ms)
			InitializePlatformSupportModulesInManaged (21ms)
			SetLoadedEditorAssemblies (3ms)
			RefreshPlugins (0ms)
			BeforeProcessingInitializeOnLoad (18ms)
			ProcessInitializeOnLoadAttributes (85ms)
			ProcessInitializeOnLoadMethodAttributes (9ms)
			AfterProcessingInitializeOnLoad (1ms)
			EditorAssembliesLoaded (0ms)
		ExecutionOrderSort2 (0ms)
		AwakeInstancesAfterBackupRestoration (2ms)
Refreshing native plugins compatible for Editor in 0.08 ms, found 0 plugins.
Preloading 0 native plugins for Editor in 0.00 ms.
Unloading 843 Unused Serialized files (Serialized files now loaded: 0)
Unloading 19 unused Assets / (2.1 MB). Loaded Objects now: 1386.
Memory consumption went from 111.2 MB to 109.1 MB.
Total: 2.367791 ms (FindLiveObjects: 0.053875 ms CreateObjectMapping: 0.013792 ms MarkObjects: 1.909542 ms  DeleteObjects: 0.390209 ms)

Prepare: number of updated asset objects reloaded= 0
AssetImportParameters requested are different than current active one (requested -> active):
  custom:video-encoder-webm-vp8: eb34c28f22e8b96e1ab97ce403110664 -> 
  custom:video-decoder-webm-vp8: 9c59270c3fd7afecdb556c50c9e8de78 -> 
  custom:audio-decoder-ogg-vorbis: bf7c407c2cedff20999df2af8eb42d56 -> 
  custom:SearchIndexIgnoredProperties: e643bd26f0fe6173181afceb89e7c659 -> 
  custom:container-demuxer-ogg: 62fdf1f143b41e24485cea50d1cbac27 -> 
  custom:AudioImporter_EditorPlatform: 3918e3fc78b5a79bad01e8451be0beb8 -> 
  custom:CustomObjectIndexerAttribute: 756ad292c208cfabdd7b50bc23989ffe -> 
  custom:container-demuxer-webm: 4f35f7cbe854078d1ac9338744f61a02 -> 
  custom:video-decoder-ogg-theora: a1e56fd34408186e4bbccfd4996cb3dc -> 
  custom:audio-encoder-webm-vorbis: bf7c407c2cedff20999df2af8eb42d56 -> 
  custom:framework-osx-AVFoundation: e770b220cccbd017edd2c1fefb359320 -> 
  custom:container-muxer-webm: aa71ff27fc2769a1b78a27578f13a17b -> 
========================================================================
Received Import Request.
  Time since last request: 1968.910137 seconds.
  path: Assets/Scripts/SaveScript.cs
  artifactKey: Guid(eeedf4352bf734560a38b235fd62ddb2) Importer(815301076,1909f56bfc062723c751e8b465ee728b)
Start importing Assets/Scripts/SaveScript.cs using Guid(eeedf4352bf734560a38b235fd62ddb2) Importer(815301076,1909f56bfc062723c751e8b465ee728b)  -> (artifact id: '0530c0c82fc8b7db1825e09bb3b1f078') in 0.001229 seconds
Number of updated asset objects reloaded before import = 0
Number of asset objects unloaded after import = 0
========================================================================
Received Prepare
Begin MonoManager ReloadAssembly
Thread 0x2a838b000 may have been prematurely finalized
- Loaded All Assemblies, in  0.123 seconds
Refreshing native plugins compatible for Editor in 0.08 ms, found 0 plugins.
Native extension for iOS target not found
Native extension for Android target not found
Native extension for OSXStandalone target not found
Native extension for WebGL target not found
Mono: successfully reloaded assembly
- Finished resetting the current domain, in  0.255 seconds
Domain Reload Profiling: 379ms
	BeginReloadAssembly (71ms)
		ExecutionOrderSort (0ms)
		DisableScriptedObjects (3ms)
		BackupInstance (0ms)
		ReleaseScriptingObjects (0ms)
		CreateAndSetChildDomain (16ms)
	RebuildCommonClasses (22ms)
	RebuildNativeTypeToScriptingClass (8ms)
	initialDomainReloadingComplete (10ms)
	LoadAllAssembliesAndSetupDomain (13ms)
		LoadAssemblies (35ms)
		RebuildTransferFunctionScriptingTraits (0ms)
		AnalyzeDomain (10ms)
			TypeCache.Refresh (4ms)
				TypeCache.ScanAssembly (0ms)
			ScanForSourceGeneratedMonoScriptInfo (4ms)
			ResolveRequiredComponents (2ms)
	FinalizeReload (256ms)
		ReleaseScriptCaches (0ms)
		RebuildScriptCaches (0ms)
		SetupLoadedEditorAssemblies (147ms)
			LogAssemblyErrors (0ms)
			InitializePlatformSupportModulesInManaged (23ms)
			SetLoadedEditorAssemblies (3ms)
			RefreshPlugins (0ms)
			BeforeProcessingInitializeOnLoad (18ms)
			ProcessInitializeOnLoadAttributes (92ms)
			ProcessInitializeOnLoadMethodAttributes (11ms)
			AfterProcessingInitializeOnLoad (1ms)
			EditorAssembliesLoaded (0ms)
		ExecutionOrderSort2 (0ms)
		AwakeInstancesAfterBackupRestoration (3ms)
Refreshing native plugins compatible for Editor in 0.08 ms, found 0 plugins.
Preloading 0 native plugins for Editor in 0.00 ms.
Unloading 843 Unused Serialized files (Serialized files now loaded: 0)
Unloading 19 unused Assets / (2.0 MB). Loaded Objects now: 1386.
Memory consumption went from 114.8 MB to 112.8 MB.
Total: 2.221792 ms (FindLiveObjects: 0.049708 ms CreateObjectMapping: 0.015000 ms MarkObjects: 1.810000 ms  DeleteObjects: 0.346792 ms)

Prepare: number of updated asset objects reloaded= 0
AssetImportParameters requested are different than current active one (requested -> active):
  custom:video-encoder-webm-vp8: eb34c28f22e8b96e1ab97ce403110664 -> 
  custom:video-decoder-webm-vp8: 9c59270c3fd7afecdb556c50c9e8de78 -> 
  custom:audio-decoder-ogg-vorbis: bf7c407c2cedff20999df2af8eb42d56 -> 
  custom:SearchIndexIgnoredProperties: e643bd26f0fe6173181afceb89e7c659 -> 
  custom:container-demuxer-ogg: 62fdf1f143b41e24485cea50d1cbac27 -> 
  custom:AudioImporter_EditorPlatform: 3918e3fc78b5a79bad01e8451be0beb8 -> 
  custom:CustomObjectIndexerAttribute: 756ad292c208cfabdd7b50bc23989ffe -> 
  custom:container-demuxer-webm: 4f35f7cbe854078d1ac9338744f61a02 -> 
  custom:video-decoder-ogg-theora: a1e56fd34408186e4bbccfd4996cb3dc -> 
  custom:audio-encoder-webm-vorbis: bf7c407c2cedff20999df2af8eb42d56 -> 
  custom:framework-osx-AVFoundation: e770b220cccbd017edd2c1fefb359320 -> 
  custom:container-muxer-webm: aa71ff27fc2769a1b78a27578f13a17b -> 
========================================================================
Received Import Request.
  Time since last request: 264.286541 seconds.
  path: Assets/Scripts/SaveScript.cs
  artifactKey: Guid(eeedf4352bf734560a38b235fd62ddb2) Importer(815301076,1909f56bfc062723c751e8b465ee728b)
Start importing Assets/Scripts/SaveScript.cs using Guid(eeedf4352bf734560a38b235fd62ddb2) Importer(815301076,1909f56bfc062723c751e8b465ee728b)  -> (artifact id: '85a94d9a18dd08909059fac125b04de9') in 0.000852 seconds
Number of updated asset objects reloaded before import = 0
Number of asset objects unloaded after import = 0
========================================================================
Received Import Request.
  Time since last request: 1.446539 seconds.
  path: Assets/Scripts/LookMode.cs
  artifactKey: Guid(6e5afe11e5c3f44658a9ad23568b524a) Importer(815301076,1909f56bfc062723c751e8b465ee728b)
Start importing Assets/Scripts/LookMode.cs using Guid(6e5afe11e5c3f44658a9ad23568b524a) Importer(815301076,1909f56bfc062723c751e8b465ee728b)  -> (artifact id: 'ffbab8a701ea0f95bb2a4e7c0d9f63a8') in 0.000269 seconds
Number of updated asset objects reloaded before import = 0
Number of asset objects unloaded after import = 0
========================================================================
Received Prepare
Begin MonoManager ReloadAssembly
Thread 0x2a838b000 may have been prematurely finalized
- Loaded All Assemblies, in  0.123 seconds
Refreshing native plugins compatible for Editor in 0.08 ms, found 0 plugins.
Native extension for iOS target not found
Native extension for Android target not found
Native extension for OSXStandalone target not found
Native extension for WebGL target not found
Mono: successfully reloaded assembly
- Finished resetting the current domain, in  0.269 seconds
Domain Reload Profiling: 392ms
	BeginReloadAssembly (69ms)
		ExecutionOrderSort (0ms)
		DisableScriptedObjects (3ms)
		BackupInstance (0ms)
		ReleaseScriptingObjects (0ms)
		CreateAndSetChildDomain (16ms)
	RebuildCommonClasses (21ms)
	RebuildNativeTypeToScriptingClass (8ms)
	initialDomainReloadingComplete (10ms)
	LoadAllAssembliesAndSetupDomain (15ms)
		LoadAssemblies (34ms)
		RebuildTransferFunctionScriptingTraits (0ms)
		AnalyzeDomain (11ms)
			TypeCache.Refresh (5ms)
				TypeCache.ScanAssembly (1ms)
			ScanForSourceGeneratedMonoScriptInfo (4ms)
			ResolveRequiredComponents (2ms)
	FinalizeReload (270ms)
		ReleaseScriptCaches (0ms)
		RebuildScriptCaches (0ms)
		SetupLoadedEditorAssemblies (154ms)
			LogAssemblyErrors (0ms)
			InitializePlatformSupportModulesInManaged (28ms)
			SetLoadedEditorAssemblies (3ms)
			RefreshPlugins (0ms)
			BeforeProcessingInitializeOnLoad (19ms)
			ProcessInitializeOnLoadAttributes (94ms)
			ProcessInitializeOnLoadMethodAttributes (9ms)
			AfterProcessingInitializeOnLoad (1ms)
			EditorAssembliesLoaded (0ms)
		ExecutionOrderSort2 (0ms)
		AwakeInstancesAfterBackupRestoration (2ms)
Refreshing native plugins compatible for Editor in 0.08 ms, found 0 plugins.
Preloading 0 native plugins for Editor in 0.00 ms.
Unloading 843 Unused Serialized files (Serialized files now loaded: 0)
Unloading 19 unused Assets / (2.0 MB). Loaded Objects now: 1386.
Memory consumption went from 118.4 MB to 116.3 MB.
Total: 2.252792 ms (FindLiveObjects: 0.064750 ms CreateObjectMapping: 0.014750 ms MarkObjects: 1.817000 ms  DeleteObjects: 0.356000 ms)

Prepare: number of updated asset objects reloaded= 0
AssetImportParameters requested are different than current active one (requested -> active):
  custom:video-encoder-webm-vp8: eb34c28f22e8b96e1ab97ce403110664 -> 
  custom:video-decoder-webm-vp8: 9c59270c3fd7afecdb556c50c9e8de78 -> 
  custom:audio-decoder-ogg-vorbis: bf7c407c2cedff20999df2af8eb42d56 -> 
  custom:SearchIndexIgnoredProperties: e643bd26f0fe6173181afceb89e7c659 -> 
  custom:container-demuxer-ogg: 62fdf1f143b41e24485cea50d1cbac27 -> 
  custom:AudioImporter_EditorPlatform: 3918e3fc78b5a79bad01e8451be0beb8 -> 
  custom:CustomObjectIndexerAttribute: 756ad292c208cfabdd7b50bc23989ffe -> 
  custom:container-demuxer-webm: 4f35f7cbe854078d1ac9338744f61a02 -> 
  custom:video-decoder-ogg-theora: a1e56fd34408186e4bbccfd4996cb3dc -> 
  custom:audio-encoder-webm-vorbis: bf7c407c2cedff20999df2af8eb42d56 -> 
  custom:framework-osx-AVFoundation: e770b220cccbd017edd2c1fefb359320 -> 
  custom:container-muxer-webm: aa71ff27fc2769a1b78a27578f13a17b -> 
========================================================================
Received Prepare
Begin MonoManager ReloadAssembly
Thread 0x2a838b000 may have been prematurely finalized
- Loaded All Assemblies, in  0.123 seconds
Refreshing native plugins compatible for Editor in 0.07 ms, found 0 plugins.
Native extension for iOS target not found
Native extension for Android target not found
Native extension for OSXStandalone target not found
Native extension for WebGL target not found
Mono: successfully reloaded assembly
- Finished resetting the current domain, in  0.247 seconds
Domain Reload Profiling: 371ms
	BeginReloadAssembly (70ms)
		ExecutionOrderSort (0ms)
		DisableScriptedObjects (3ms)
		BackupInstance (0ms)
		ReleaseScriptingObjects (0ms)
		CreateAndSetChildDomain (15ms)
	RebuildCommonClasses (22ms)
	RebuildNativeTypeToScriptingClass (8ms)
	initialDomainReloadingComplete (10ms)
	LoadAllAssembliesAndSetupDomain (14ms)
		LoadAssemblies (33ms)
		RebuildTransferFunctionScriptingTraits (0ms)
		AnalyzeDomain (11ms)
			TypeCache.Refresh (4ms)
				TypeCache.ScanAssembly (0ms)
			ScanForSourceGeneratedMonoScriptInfo (4ms)
			ResolveRequiredComponents (2ms)
	FinalizeReload (248ms)
		ReleaseScriptCaches (0ms)
		RebuildScriptCaches (0ms)
		SetupLoadedEditorAssemblies (140ms)
			LogAssemblyErrors (0ms)
			InitializePlatformSupportModulesInManaged (20ms)
			SetLoadedEditorAssemblies (3ms)
			RefreshPlugins (0ms)
			BeforeProcessingInitializeOnLoad (18ms)
			ProcessInitializeOnLoadAttributes (88ms)
			ProcessInitializeOnLoadMethodAttributes (9ms)
			AfterProcessingInitializeOnLoad (1ms)
			EditorAssembliesLoaded (0ms)
		ExecutionOrderSort2 (0ms)
		AwakeInstancesAfterBackupRestoration (2ms)
Refreshing native plugins compatible for Editor in 0.07 ms, found 0 plugins.
Preloading 0 native plugins for Editor in 0.00 ms.
Unloading 843 Unused Serialized files (Serialized files now loaded: 0)
Unloading 19 unused Assets / (2.0 MB). Loaded Objects now: 1386.
Memory consumption went from 122.0 MB to 120.0 MB.
Total: 2.276417 ms (FindLiveObjects: 0.060083 ms CreateObjectMapping: 0.013875 ms MarkObjects: 1.829750 ms  DeleteObjects: 0.372042 ms)

Prepare: number of updated asset objects reloaded= 0
AssetImportParameters requested are different than current active one (requested -> active):
  custom:video-encoder-webm-vp8: eb34c28f22e8b96e1ab97ce403110664 -> 
  custom:video-decoder-webm-vp8: 9c59270c3fd7afecdb556c50c9e8de78 -> 
  custom:audio-decoder-ogg-vorbis: bf7c407c2cedff20999df2af8eb42d56 -> 
  custom:SearchIndexIgnoredProperties: e643bd26f0fe6173181afceb89e7c659 -> 
  custom:container-demuxer-ogg: 62fdf1f143b41e24485cea50d1cbac27 -> 
  custom:AudioImporter_EditorPlatform: 3918e3fc78b5a79bad01e8451be0beb8 -> 
  custom:CustomObjectIndexerAttribute: 756ad292c208cfabdd7b50bc23989ffe -> 
  custom:container-demuxer-webm: 4f35f7cbe854078d1ac9338744f61a02 -> 
  custom:video-decoder-ogg-theora: a1e56fd34408186e4bbccfd4996cb3dc -> 
  custom:audio-encoder-webm-vorbis: bf7c407c2cedff20999df2af8eb42d56 -> 
  custom:framework-osx-AVFoundation: e770b220cccbd017edd2c1fefb359320 -> 
  custom:container-muxer-webm: aa71ff27fc2769a1b78a27578f13a17b -> 
========================================================================
Received Prepare
Begin MonoManager ReloadAssembly
Thread 0x2a838b000 may have been prematurely finalized
- Loaded All Assemblies, in  0.119 seconds
Refreshing native plugins compatible for Editor in 0.09 ms, found 0 plugins.
Native extension for iOS target not found
Native extension for Android target not found
Native extension for OSXStandalone target not found
Native extension for WebGL target not found
Mono: successfully reloaded assembly
- Finished resetting the current domain, in  0.254 seconds
Domain Reload Profiling: 373ms
	BeginReloadAssembly (69ms)
		ExecutionOrderSort (0ms)
		DisableScriptedObjects (2ms)
		BackupInstance (0ms)
		ReleaseScriptingObjects (0ms)
		CreateAndSetChildDomain (15ms)
	RebuildCommonClasses (22ms)
	RebuildNativeTypeToScriptingClass (8ms)
	initialDomainReloadingComplete (10ms)
	LoadAllAssembliesAndSetupDomain (9ms)
		LoadAssemblies (34ms)
		RebuildTransferFunctionScriptingTraits (0ms)
		AnalyzeDomain (6ms)
			TypeCache.Refresh (3ms)
				TypeCache.ScanAssembly (0ms)
			ScanForSourceGeneratedMonoScriptInfo (0ms)
			ResolveRequiredComponents (2ms)
	FinalizeReload (254ms)
		ReleaseScriptCaches (0ms)
		RebuildScriptCaches (0ms)
		SetupLoadedEditorAssemblies (146ms)
			LogAssemblyErrors (0ms)
			InitializePlatformSupportModulesInManaged (20ms)
			SetLoadedEditorAssemblies (3ms)
			RefreshPlugins (0ms)
			BeforeProcessingInitializeOnLoad (18ms)
			ProcessInitializeOnLoadAttributes (93ms)
			ProcessInitializeOnLoadMethodAttributes (10ms)
			AfterProcessingInitializeOnLoad (1ms)
			EditorAssembliesLoaded (0ms)
		ExecutionOrderSort2 (0ms)
		AwakeInstancesAfterBackupRestoration (2ms)
Refreshing native plugins compatible for Editor in 0.07 ms, found 0 plugins.
Preloading 0 native plugins for Editor in 0.00 ms.
Unloading 843 Unused Serialized files (Serialized files now loaded: 0)
Unloading 19 unused Assets / (2.1 MB). Loaded Objects now: 1386.
Memory consumption went from 125.7 MB to 123.6 MB.
Total: 2.306584 ms (FindLiveObjects: 0.056833 ms CreateObjectMapping: 0.014041 ms MarkObjects: 1.843458 ms  DeleteObjects: 0.391875 ms)

Prepare: number of updated asset objects reloaded= 0
AssetImportParameters requested are different than current active one (requested -> active):
  custom:video-encoder-webm-vp8: eb34c28f22e8b96e1ab97ce403110664 -> 
  custom:video-decoder-webm-vp8: 9c59270c3fd7afecdb556c50c9e8de78 -> 
  custom:audio-decoder-ogg-vorbis: bf7c407c2cedff20999df2af8eb42d56 -> 
  custom:SearchIndexIgnoredProperties: e643bd26f0fe6173181afceb89e7c659 -> 
  custom:container-demuxer-ogg: 62fdf1f143b41e24485cea50d1cbac27 -> 
  custom:AudioImporter_EditorPlatform: 3918e3fc78b5a79bad01e8451be0beb8 -> 
  custom:CustomObjectIndexerAttribute: 756ad292c208cfabdd7b50bc23989ffe -> 
  custom:container-demuxer-webm: 4f35f7cbe854078d1ac9338744f61a02 -> 
  custom:video-decoder-ogg-theora: a1e56fd34408186e4bbccfd4996cb3dc -> 
  custom:audio-encoder-webm-vorbis: bf7c407c2cedff20999df2af8eb42d56 -> 
  custom:framework-osx-AVFoundation: e770b220cccbd017edd2c1fefb359320 -> 
  custom:container-muxer-webm: aa71ff27fc2769a1b78a27578f13a17b -> 
========================================================================
Received Import Request.
  Time since last request: 5718.890737 seconds.
  path: Assets/UI graphics/Inventory Icons
  artifactKey: Guid(b20509fb72e124473ac675821ca212ea) Importer(815301076,1909f56bfc062723c751e8b465ee728b)
Start importing Assets/UI graphics/Inventory Icons using Guid(b20509fb72e124473ac675821ca212ea) Importer(815301076,1909f56bfc062723c751e8b465ee728b)  -> (artifact id: '7c7f8f75a5db8e57b6696aa4c92f2abe') in 0.006852 seconds
Number of updated asset objects reloaded before import = 0
Number of asset objects unloaded after import = 0
========================================================================
Received Import Request.
  Time since last request: 1.327638 seconds.
  path: Assets/UI graphics/Inventory Icons/Big
  artifactKey: Guid(56283f7659095450f9c0dcd71e535a89) Importer(815301076,1909f56bfc062723c751e8b465ee728b)
Start importing Assets/UI graphics/Inventory Icons/Big using Guid(56283f7659095450f9c0dcd71e535a89) Importer(815301076,1909f56bfc062723c751e8b465ee728b)  -> (artifact id: '0c0074b965c65a3f3a666642195fc2ce') in 0.000365 seconds
Number of updated asset objects reloaded before import = 0
Number of asset objects unloaded after import = 0
========================================================================
Received Import Request.
  Time since last request: 0.690838 seconds.
  path: Assets/UI graphics/Inventory Icons/Big/AppleB.png
  artifactKey: Guid(8ff4a004bd3bb42cdacb3e9e55afe1ac) Importer(815301076,1909f56bfc062723c751e8b465ee728b)
Start importing Assets/UI graphics/Inventory Icons/Big/AppleB.png using Guid(8ff4a004bd3bb42cdacb3e9e55afe1ac) Importer(815301076,1909f56bfc062723c751e8b465ee728b)  -> (artifact id: '9bd0b8589a74ca57e0cdb5345e2e1541') in 0.053533 seconds
Number of updated asset objects reloaded before import = 0
Number of asset objects unloaded after import = 2
========================================================================
Received Import Request.
  Time since last request: 0.000078 seconds.
  path: Assets/UI graphics/Inventory Icons/Big/BatB.png
  artifactKey: Guid(ca28339b310c448bba71ff487316cc80) Importer(815301076,1909f56bfc062723c751e8b465ee728b)
Start importing Assets/UI graphics/Inventory Icons/Big/BatB.png using Guid(ca28339b310c448bba71ff487316cc80) Importer(815301076,1909f56bfc062723c751e8b465ee728b)  -> (artifact id: 'bcc373ee91a7d1e82bce951c14f34ee4') in 0.003719 seconds
Number of updated asset objects reloaded before import = 0
Number of asset objects unloaded after import = 2
========================================================================
Received Import Request.
  Time since last request: 0.000091 seconds.
  path: Assets/UI graphics/Inventory Icons/Big/FlashlightB.png
  artifactKey: Guid(6dc78add0d48443ceb7db1ea36c13674) Importer(815301076,1909f56bfc062723c751e8b465ee728b)
Start importing Assets/UI graphics/Inventory Icons/Big/FlashlightB.png using Guid(6dc78add0d48443ceb7db1ea36c13674) Importer(815301076,1909f56bfc062723c751e8b465ee728b)  -> (artifact id: '1197caf5f1084789b70ee36a72461e7c') in 0.003264 seconds
Number of updated asset objects reloaded before import = 0
Number of asset objects unloaded after import = 2
========================================================================
Received Import Request.
  Time since last request: 0.000125 seconds.
  path: Assets/UI graphics/Inventory Icons/Big/NightVisionB.png
  artifactKey: Guid(73361b9fee3dc4963bc9b0b557e8b298) Importer(815301076,1909f56bfc062723c751e8b465ee728b)
Start importing Assets/UI graphics/Inventory Icons/Big/NightVisionB.png using Guid(73361b9fee3dc4963bc9b0b557e8b298) Importer(815301076,1909f56bfc062723c751e8b465ee728b)  -> (artifact id: '62d1c60d6e20979464112a265c263bae') in 0.003984 seconds
Number of updated asset objects reloaded before import = 0
Number of asset objects unloaded after import = 2
========================================================================
Received Import Request.
  Time since last request: 0.000109 seconds.
  path: Assets/UI graphics/Inventory Icons/Big/CabinKeyB.png
  artifactKey: Guid(144f542299310487c82ea85a43795235) Importer(815301076,1909f56bfc062723c751e8b465ee728b)
Start importing Assets/UI graphics/Inventory Icons/Big/CabinKeyB.png using Guid(144f542299310487c82ea85a43795235) Importer(815301076,1909f56bfc062723c751e8b465ee728b)  -> (artifact id: '45ed266834f57b3dbcc1a944424d593c') in 0.006246 seconds
Number of updated asset objects reloaded before import = 0
Number of asset objects unloaded after import = 2
========================================================================
Received Import Request.
  Time since last request: 0.000076 seconds.
  path: Assets/UI graphics/Inventory Icons/Big/ShotgunB.png
  artifactKey: Guid(64a008f33231f407f9cb22b418bdaebe) Importer(815301076,1909f56bfc062723c751e8b465ee728b)
Start importing Assets/UI graphics/Inventory Icons/Big/ShotgunB.png using Guid(64a008f33231f407f9cb22b418bdaebe) Importer(815301076,1909f56bfc062723c751e8b465ee728b)  -> (artifact id: '9623e2fc9738353ca5a43822523115b3') in 0.004252 seconds
Number of updated asset objects reloaded before import = 0
Number of asset objects unloaded after import = 2
========================================================================
Received Import Request.
  Time since last request: 0.000069 seconds.
  path: Assets/UI graphics/Inventory Icons/Big/PillsB.png
  artifactKey: Guid(64bcfcc08e9474409a11c2a39dc43243) Importer(815301076,1909f56bfc062723c751e8b465ee728b)
Start importing Assets/UI graphics/Inventory Icons/Big/PillsB.png using Guid(64bcfcc08e9474409a11c2a39dc43243) Importer(815301076,1909f56bfc062723c751e8b465ee728b)  -> (artifact id: '64f0a2d10f37c2672283cbfd04096814') in 0.003766 seconds
Number of updated asset objects reloaded before import = 0
Number of asset objects unloaded after import = 2
========================================================================
Received Import Request.
  Time since last request: 0.000046 seconds.
  path: Assets/UI graphics/Inventory Icons/Big/CleaverB.png
  artifactKey: Guid(6087547087d48495ba6b1806570159d4) Importer(815301076,1909f56bfc062723c751e8b465ee728b)
Start importing Assets/UI graphics/Inventory Icons/Big/CleaverB.png using Guid(6087547087d48495ba6b1806570159d4) Importer(815301076,1909f56bfc062723c751e8b465ee728b)  -> (artifact id: '3f222c7e3985458ca064859b3de453d6') in 0.003579 seconds
Number of updated asset objects reloaded before import = 0
Number of asset objects unloaded after import = 2
========================================================================
Received Import Request.
  Time since last request: 0.000120 seconds.
  path: Assets/UI graphics/Inventory Icons/Big/SprayCanB.png
  artifactKey: Guid(a5b49efcf04e6465b9187e1eba463764) Importer(815301076,1909f56bfc062723c751e8b465ee728b)
Start importing Assets/UI graphics/Inventory Icons/Big/SprayCanB.png using Guid(a5b49efcf04e6465b9187e1eba463764) Importer(815301076,1909f56bfc062723c751e8b465ee728b)  -> (artifact id: '892e620f1b6f3471ce3a0d89d6e0d32b') in 0.003644 seconds
Number of updated asset objects reloaded before import = 0
Number of asset objects unloaded after import = 2
========================================================================
Received Import Request.
  Time since last request: 0.000076 seconds.
  path: Assets/UI graphics/Inventory Icons/Big/LighterB.png
  artifactKey: Guid(3a991d0e9e006426992072ef0bd5a4b2) Importer(815301076,1909f56bfc062723c751e8b465ee728b)
Start importing Assets/UI graphics/Inventory Icons/Big/LighterB.png using Guid(3a991d0e9e006426992072ef0bd5a4b2) Importer(815301076,1909f56bfc062723c751e8b465ee728b)  -> (artifact id: '41a7eb78eaed37563c3e99f71e014cd7') in 0.003706 seconds
Number of updated asset objects reloaded before import = 0
Number of asset objects unloaded after import = 2
========================================================================
Received Import Request.
  Time since last request: 0.000092 seconds.
  path: Assets/UI graphics/Inventory Icons/Big/KnifeB.png
  artifactKey: Guid(66575bb6b23044ed880e38ad3e42602a) Importer(815301076,1909f56bfc062723c751e8b465ee728b)
Start importing Assets/UI graphics/Inventory Icons/Big/KnifeB.png using Guid(66575bb6b23044ed880e38ad3e42602a) Importer(815301076,1909f56bfc062723c751e8b465ee728b)  -> (artifact id: 'f2f30c48293a92782350fb72251d626a') in 0.003021 seconds
Number of updated asset objects reloaded before import = 0
Number of asset objects unloaded after import = 2
========================================================================
Received Import Request.
  Time since last request: 15.748930 seconds.
  path: Assets/UI graphics/Inventory Icons/small
  artifactKey: Guid(d96b838e0c0464e84939f327a74af965) Importer(815301076,1909f56bfc062723c751e8b465ee728b)
Start importing Assets/UI graphics/Inventory Icons/small using Guid(d96b838e0c0464e84939f327a74af965) Importer(815301076,1909f56bfc062723c751e8b465ee728b)  -> (artifact id: '23835c7c33697be226d1814b55acfc2e') in 0.000725 seconds
Number of updated asset objects reloaded before import = 0
Number of asset objects unloaded after import = 0
========================================================================
Received Import Request.
  Time since last request: 0.099750 seconds.
  path: Assets/UI graphics/Inventory Icons/small/AppleS.png
  artifactKey: Guid(526be275396f24f25a6ed9d5ee176c5d) Importer(815301076,1909f56bfc062723c751e8b465ee728b)
Start importing Assets/UI graphics/Inventory Icons/small/AppleS.png using Guid(526be275396f24f25a6ed9d5ee176c5d) Importer(815301076,1909f56bfc062723c751e8b465ee728b)  -> (artifact id: 'c1701d5dc01df3d158ff7335798a5738') in 0.004028 seconds
Number of updated asset objects reloaded before import = 0
Number of asset objects unloaded after import = 2
========================================================================
Received Import Request.
  Time since last request: 0.000073 seconds.
  path: Assets/UI graphics/Inventory Icons/small/HouseKeyS.png
  artifactKey: Guid(be816799591584b22b9c89a469f0bddf) Importer(815301076,1909f56bfc062723c751e8b465ee728b)
Start importing Assets/UI graphics/Inventory Icons/small/HouseKeyS.png using Guid(be816799591584b22b9c89a469f0bddf) Importer(815301076,1909f56bfc062723c751e8b465ee728b)  -> (artifact id: 'ca34e99da899db0c7aa7373dbc922f32') in 0.003680 seconds
Number of updated asset objects reloaded before import = 0
Number of asset objects unloaded after import = 2
========================================================================
Received Import Request.
  Time since last request: 0.000181 seconds.
  path: Assets/UI graphics/Inventory Icons/small/SprayCanS.png
  artifactKey: Guid(12683c817d70f42aa9f43c5b82f91db0) Importer(815301076,1909f56bfc062723c751e8b465ee728b)
Start importing Assets/UI graphics/Inventory Icons/small/SprayCanS.png using Guid(12683c817d70f42aa9f43c5b82f91db0) Importer(815301076,1909f56bfc062723c751e8b465ee728b)  -> (artifact id: 'cd57d4450ce1240af7c72218a115f294') in 0.003984 seconds
Number of updated asset objects reloaded before import = 0
Number of asset objects unloaded after import = 2
========================================================================
Received Import Request.
  Time since last request: 0.000107 seconds.
  path: Assets/UI graphics/Inventory Icons/small/KnifeSmall.png
  artifactKey: Guid(088217e29405541558d3c5e587cfab81) Importer(815301076,1909f56bfc062723c751e8b465ee728b)
Start importing Assets/UI graphics/Inventory Icons/small/KnifeSmall.png using Guid(088217e29405541558d3c5e587cfab81) Importer(815301076,1909f56bfc062723c751e8b465ee728b)  -> (artifact id: '78f5eb711ef65d2341c658f607f47322') in 0.009386 seconds
Number of updated asset objects reloaded before import = 0
Number of asset objects unloaded after import = 2
========================================================================
Received Import Request.
  Time since last request: 0.000088 seconds.
  path: Assets/UI graphics/Inventory Icons/small/NightVisionBatteryS.png
  artifactKey: Guid(0f2bd45ee9e3947e5bc3b7e08140e7d3) Importer(815301076,1909f56bfc062723c751e8b465ee728b)
Start importing Assets/UI graphics/Inventory Icons/small/NightVisionBatteryS.png using Guid(0f2bd45ee9e3947e5bc3b7e08140e7d3) Importer(815301076,1909f56bfc062723c751e8b465ee728b)  -> (artifact id: '0082dee734312933a241936ae7ebbcc5') in 0.003692 seconds
Number of updated asset objects reloaded before import = 0
Number of asset objects unloaded after import = 2
========================================================================
Received Import Request.
  Time since last request: 0.000068 seconds.
  path: Assets/UI graphics/Inventory Icons/small/CabinKeyS.png
  artifactKey: Guid(e2510331a75024ef9954c093108977a4) Importer(815301076,1909f56bfc062723c751e8b465ee728b)
Start importing Assets/UI graphics/Inventory Icons/small/CabinKeyS.png using Guid(e2510331a75024ef9954c093108977a4) Importer(815301076,1909f56bfc062723c751e8b465ee728b)  -> (artifact id: '31f391f81e406e0292e5220e1101e65f') in 0.003332 seconds
Number of updated asset objects reloaded before import = 0
Number of asset objects unloaded after import = 2
========================================================================
Received Import Request.
  Time since last request: 0.000102 seconds.
  path: Assets/UI graphics/Inventory Icons/small/HealthPackS.png
  artifactKey: Guid(c2dece69e9d64474f8eaa2b9eb6964de) Importer(815301076,1909f56bfc062723c751e8b465ee728b)
Start importing Assets/UI graphics/Inventory Icons/small/HealthPackS.png using Guid(c2dece69e9d64474f8eaa2b9eb6964de) Importer(815301076,1909f56bfc062723c751e8b465ee728b)  -> (artifact id: 'df6055aa3978f06b81753e6c7016f764') in 0.004010 seconds
Number of updated asset objects reloaded before import = 0
Number of asset objects unloaded after import = 2
========================================================================
Received Import Request.
  Time since last request: 0.000073 seconds.
  path: Assets/UI graphics/Inventory Icons/small/JerryCanS.png
  artifactKey: Guid(0a1ed69d4c43944b2bf39ee52cec2271) Importer(815301076,1909f56bfc062723c751e8b465ee728b)
Start importing Assets/UI graphics/Inventory Icons/small/JerryCanS.png using Guid(0a1ed69d4c43944b2bf39ee52cec2271) Importer(815301076,1909f56bfc062723c751e8b465ee728b)  -> (artifact id: '1985e8a7bfd373788a6c9888686270e1') in 0.003228 seconds
Number of updated asset objects reloaded before import = 0
Number of asset objects unloaded after import = 2
========================================================================
Received Import Request.
  Time since last request: 0.000080 seconds.
  path: Assets/UI graphics/Inventory Icons/small/FlashLightBatteryS.png
  artifactKey: Guid(ed57656a93a17441d9f14fd165f599d5) Importer(815301076,1909f56bfc062723c751e8b465ee728b)
Start importing Assets/UI graphics/Inventory Icons/small/FlashLightBatteryS.png using Guid(ed57656a93a17441d9f14fd165f599d5) Importer(815301076,1909f56bfc062723c751e8b465ee728b)  -> (artifact id: '862faed95bd64c530837750811336f89') in 0.006542 seconds
Number of updated asset objects reloaded before import = 0
Number of asset objects unloaded after import = 2
========================================================================
Received Import Request.
  Time since last request: 0.000065 seconds.
  path: Assets/UI graphics/Inventory Icons/small/NightvisionS.png
  artifactKey: Guid(8d5d52d7f7f3d405a8a4924e06d79985) Importer(815301076,1909f56bfc062723c751e8b465ee728b)
Start importing Assets/UI graphics/Inventory Icons/small/NightvisionS.png using Guid(8d5d52d7f7f3d405a8a4924e06d79985) Importer(815301076,1909f56bfc062723c751e8b465ee728b)  -> (artifact id: 'f594be45bec7028488f9059853bcd8b6') in 0.003530 seconds
Number of updated asset objects reloaded before import = 0
Number of asset objects unloaded after import = 2
========================================================================
Received Import Request.
  Time since last request: 0.000103 seconds.
  path: Assets/UI graphics/Inventory Icons/small/BatSmall.png
  artifactKey: Guid(11203206342234f3d9f5221f9c853bfc) Importer(815301076,1909f56bfc062723c751e8b465ee728b)
Start importing Assets/UI graphics/Inventory Icons/small/BatSmall.png using Guid(11203206342234f3d9f5221f9c853bfc) Importer(815301076,1909f56bfc062723c751e8b465ee728b)  -> (artifact id: '9d5e2dd5fb24fcae7650fbffd0d13bbb') in 0.002934 seconds
Number of updated asset objects reloaded before import = 0
Number of asset objects unloaded after import = 2
========================================================================
Received Import Request.
  Time since last request: 387.710781 seconds.
  path: Assets/UI graphics/Fonts
  artifactKey: Guid(1e6050aeb3e7946e680c531e674b1ba0) Importer(815301076,1909f56bfc062723c751e8b465ee728b)
Start importing Assets/UI graphics/Fonts using Guid(1e6050aeb3e7946e680c531e674b1ba0) Importer(815301076,1909f56bfc062723c751e8b465ee728b)  -> (artifact id: '63c42d7b79295ec017973b5e0c5d663a') in 0.000418 seconds
Number of updated asset objects reloaded before import = 0
Number of asset objects unloaded after import = 0
========================================================================
Received Import Request.
  Time since last request: 14.152176 seconds.
  path: Assets/UI graphics/Fonts/Dosis-Bold.ttf
  artifactKey: Guid(6cfb64e884b3b4015819a35f637afea5) Importer(815301076,1909f56bfc062723c751e8b465ee728b)
Start importing Assets/UI graphics/Fonts/Dosis-Bold.ttf using Guid(6cfb64e884b3b4015819a35f637afea5) Importer(815301076,1909f56bfc062723c751e8b465ee728b)  -> (artifact id: '024097d2bdd2c79fa7f8963fe0df8ae0') in 0.035987 seconds
Number of updated asset objects reloaded before import = 0
Number of asset objects unloaded after import = 4
========================================================================
Received Import Request.
  Time since last request: 0.000035 seconds.
  path: Assets/UI graphics/Fonts/Requiem.ttf
  artifactKey: Guid(cc8c35e9b7aed460f993003001aec798) Importer(815301076,1909f56bfc062723c751e8b465ee728b)
Start importing Assets/UI graphics/Fonts/Requiem.ttf using Guid(cc8c35e9b7aed460f993003001aec798) Importer(815301076,1909f56bfc062723c751e8b465ee728b)  -> (artifact id: 'f4a652246a9a521236116530b209121a') in 0.004542 seconds
Number of updated asset objects reloaded before import = 0
Number of asset objects unloaded after import = 4
========================================================================
Received Import Request.
  Time since last request: 0.000057 seconds.
  path: Assets/UI graphics/Fonts/GlacialIndifference-Bold.otf
  artifactKey: Guid(8477154cea5314a988e7b43b89593c57) Importer(815301076,1909f56bfc062723c751e8b465ee728b)
Start importing Assets/UI graphics/Fonts/GlacialIndifference-Bold.otf using Guid(8477154cea5314a988e7b43b89593c57) Importer(815301076,1909f56bfc062723c751e8b465ee728b)  -> (artifact id: '412549c60c99f3ac36306189a947cad9') in 0.004004 seconds
Number of updated asset objects reloaded before import = 0
Number of asset objects unloaded after import = 4
========================================================================
Received Import Request.
  Time since last request: 0.000039 seconds.
  path: Assets/UI graphics/Fonts/GlacialIndifference-Regular.otf
  artifactKey: Guid(85e82f67d83de4457aa32ae0493365db) Importer(815301076,1909f56bfc062723c751e8b465ee728b)
Start importing Assets/UI graphics/Fonts/GlacialIndifference-Regular.otf using Guid(85e82f67d83de4457aa32ae0493365db) Importer(815301076,1909f56bfc062723c751e8b465ee728b)  -> (artifact id: 'd871e7ce3c9e02e9369b18f052926095') in 0.003749 seconds
Number of updated asset objects reloaded before import = 0
Number of asset objects unloaded after import = 4
========================================================================
Received Import Request.
  Time since last request: 0.000036 seconds.
  path: Assets/UI graphics/Fonts/Dosis-Light.ttf
  artifactKey: Guid(97a7d58023fbb4fa18fb2f0ad1d85200) Importer(815301076,1909f56bfc062723c751e8b465ee728b)
Start importing Assets/UI graphics/Fonts/Dosis-Light.ttf using Guid(97a7d58023fbb4fa18fb2f0ad1d85200) Importer(815301076,1909f56bfc062723c751e8b465ee728b)  -> (artifact id: 'b0ebeca38e5ad948147a3bd954774617') in 0.004240 seconds
Number of updated asset objects reloaded before import = 0
Number of asset objects unloaded after import = 4
========================================================================
Received Import Request.
  Time since last request: 404.100237 seconds.
  path: Assets/UI graphics/Inventory Icons/Big/PillsB.png
  artifactKey: Guid(64bcfcc08e9474409a11c2a39dc43243) Importer(815301076,1909f56bfc062723c751e8b465ee728b)
Start importing Assets/UI graphics/Inventory Icons/Big/PillsB.png using Guid(64bcfcc08e9474409a11c2a39dc43243) Importer(815301076,1909f56bfc062723c751e8b465ee728b)  -> (artifact id: '6a24ab87eb1e0bc8767b4c0b5374b8c6') in 0.012587 seconds
Number of updated asset objects reloaded before import = 0
Number of asset objects unloaded after import = 3
========================================================================
Received Import Request.
  Time since last request: 0.029257 seconds.
  path: Assets/UI graphics/Inventory Icons/Big/AppleB.png
  artifactKey: Guid(8ff4a004bd3bb42cdacb3e9e55afe1ac) Importer(815301076,1909f56bfc062723c751e8b465ee728b)
Start importing Assets/UI graphics/Inventory Icons/Big/AppleB.png using Guid(8ff4a004bd3bb42cdacb3e9e55afe1ac) Importer(815301076,1909f56bfc062723c751e8b465ee728b)  -> (artifact id: '8412291ba496f01cf70e2e24a20705d3') in 0.006847 seconds
Number of updated asset objects reloaded before import = 0
Number of asset objects unloaded after import = 3
========================================================================
Received Import Request.
  Time since last request: 0.000072 seconds.
  path: Assets/UI graphics/Inventory Icons/Big/BatB.png
  artifactKey: Guid(ca28339b310c448bba71ff487316cc80) Importer(815301076,1909f56bfc062723c751e8b465ee728b)
Start importing Assets/UI graphics/Inventory Icons/Big/BatB.png using Guid(ca28339b310c448bba71ff487316cc80) Importer(815301076,1909f56bfc062723c751e8b465ee728b)  -> (artifact id: '7a1b5b022207dbdebbda8b10dec31bc8') in 0.005197 seconds
Number of updated asset objects reloaded before import = 0
Number of asset objects unloaded after import = 3
========================================================================
Received Import Request.
  Time since last request: 0.000061 seconds.
  path: Assets/UI graphics/Inventory Icons/Big/FlashlightB.png
  artifactKey: Guid(6dc78add0d48443ceb7db1ea36c13674) Importer(815301076,1909f56bfc062723c751e8b465ee728b)
Start importing Assets/UI graphics/Inventory Icons/Big/FlashlightB.png using Guid(6dc78add0d48443ceb7db1ea36c13674) Importer(815301076,1909f56bfc062723c751e8b465ee728b)  -> (artifact id: '5c99e565dc6cd9309bfc75d5fe61bd65') in 0.005356 seconds
Number of updated asset objects reloaded before import = 0
Number of asset objects unloaded after import = 3
========================================================================
Received Import Request.
  Time since last request: 0.000042 seconds.
  path: Assets/UI graphics/Inventory Icons/Big/NightVisionB.png
  artifactKey: Guid(73361b9fee3dc4963bc9b0b557e8b298) Importer(815301076,1909f56bfc062723c751e8b465ee728b)
Start importing Assets/UI graphics/Inventory Icons/Big/NightVisionB.png using Guid(73361b9fee3dc4963bc9b0b557e8b298) Importer(815301076,1909f56bfc062723c751e8b465ee728b)  -> (artifact id: '384fa601526a13cd489232936db0a940') in 0.009194 seconds
Number of updated asset objects reloaded before import = 0
Number of asset objects unloaded after import = 3
========================================================================
Received Import Request.
  Time since last request: 0.000058 seconds.
  path: Assets/UI graphics/Inventory Icons/Big/CabinKeyB.png
  artifactKey: Guid(144f542299310487c82ea85a43795235) Importer(815301076,1909f56bfc062723c751e8b465ee728b)
Start importing Assets/UI graphics/Inventory Icons/Big/CabinKeyB.png using Guid(144f542299310487c82ea85a43795235) Importer(815301076,1909f56bfc062723c751e8b465ee728b)  -> (artifact id: '78b7378bbba81712ce04d68bddd7c2e8') in 0.010522 seconds
Number of updated asset objects reloaded before import = 0
Number of asset objects unloaded after import = 3
========================================================================
Received Import Request.
  Time since last request: 0.000155 seconds.
  path: Assets/UI graphics/Inventory Icons/Big/ShotgunB.png
  artifactKey: Guid(64a008f33231f407f9cb22b418bdaebe) Importer(815301076,1909f56bfc062723c751e8b465ee728b)
Start importing Assets/UI graphics/Inventory Icons/Big/ShotgunB.png using Guid(64a008f33231f407f9cb22b418bdaebe) Importer(815301076,1909f56bfc062723c751e8b465ee728b)  -> (artifact id: '7fe64b0973c5905c72d0eabfa5f1cbdc') in 0.005772 seconds
Number of updated asset objects reloaded before import = 0
Number of asset objects unloaded after import = 3
========================================================================
Received Import Request.
  Time since last request: 0.000061 seconds.
  path: Assets/UI graphics/Inventory Icons/Big/HealthPackB.png
  artifactKey: Guid(aec7cd218be2347ff8a5b405d3ad3420) Importer(815301076,1909f56bfc062723c751e8b465ee728b)
Start importing Assets/UI graphics/Inventory Icons/Big/HealthPackB.png using Guid(aec7cd218be2347ff8a5b405d3ad3420) Importer(815301076,1909f56bfc062723c751e8b465ee728b)  -> (artifact id: 'bd2b481c3fb1b988bebff8406837a971') in 0.006060 seconds
Number of updated asset objects reloaded before import = 0
Number of asset objects unloaded after import = 3
========================================================================
Received Import Request.
  Time since last request: 0.000068 seconds.
  path: Assets/UI graphics/Inventory Icons/Big/CleaverB.png
  artifactKey: Guid(6087547087d48495ba6b1806570159d4) Importer(815301076,1909f56bfc062723c751e8b465ee728b)
Start importing Assets/UI graphics/Inventory Icons/Big/CleaverB.png using Guid(6087547087d48495ba6b1806570159d4) Importer(815301076,1909f56bfc062723c751e8b465ee728b)  -> (artifact id: '03db0fb267e5bc63d111e618860a1109') in 0.006010 seconds
Number of updated asset objects reloaded before import = 0
Number of asset objects unloaded after import = 3
========================================================================
Received Import Request.
  Time since last request: 0.000132 seconds.
  path: Assets/UI graphics/Inventory Icons/Big/SprayCanB.png
  artifactKey: Guid(a5b49efcf04e6465b9187e1eba463764) Importer(815301076,1909f56bfc062723c751e8b465ee728b)
Start importing Assets/UI graphics/Inventory Icons/Big/SprayCanB.png using Guid(a5b49efcf04e6465b9187e1eba463764) Importer(815301076,1909f56bfc062723c751e8b465ee728b)  -> (artifact id: '775decb4a3e2cd62825ac64258a14fa0') in 0.005655 seconds
Number of updated asset objects reloaded before import = 0
Number of asset objects unloaded after import = 3
========================================================================
Received Import Request.
  Time since last request: 0.000077 seconds.
  path: Assets/UI graphics/Inventory Icons/Big/JerryCanB.png
  artifactKey: Guid(c8122c688e95149a1a7eb935d2bfde79) Importer(815301076,1909f56bfc062723c751e8b465ee728b)
Start importing Assets/UI graphics/Inventory Icons/Big/JerryCanB.png using Guid(c8122c688e95149a1a7eb935d2bfde79) Importer(815301076,1909f56bfc062723c751e8b465ee728b)  -> (artifact id: 'f2bacc2b9625ce7dc08550ad829a5089') in 0.006317 seconds
Number of updated asset objects reloaded before import = 0
Number of asset objects unloaded after import = 3
========================================================================
Received Import Request.
  Time since last request: 0.000055 seconds.
  path: Assets/UI graphics/Inventory Icons/Big/KnifeB.png
  artifactKey: Guid(66575bb6b23044ed880e38ad3e42602a) Importer(815301076,1909f56bfc062723c751e8b465ee728b)
Start importing Assets/UI graphics/Inventory Icons/Big/KnifeB.png using Guid(66575bb6b23044ed880e38ad3e42602a) Importer(815301076,1909f56bfc062723c751e8b465ee728b)  -> (artifact id: 'c3a0ebeabb66a777cf3aa0926d5f551a') in 0.007512 seconds
Number of updated asset objects reloaded before import = 0
Number of asset objects unloaded after import = 3
========================================================================
Received Import Request.
  Time since last request: 77.611048 seconds.
  path: Assets/UI graphics/Inventory Icons/small/waterS.png
  artifactKey: Guid(a5d413d4059394b98b6f580b86ce61ee) Importer(815301076,1909f56bfc062723c751e8b465ee728b)
Start importing Assets/UI graphics/Inventory Icons/small/waterS.png using Guid(a5d413d4059394b98b6f580b86ce61ee) Importer(815301076,1909f56bfc062723c751e8b465ee728b)  -> (artifact id: '54b9fa3bc197e27b104bb7fc72db085b') in 0.006908 seconds
Number of updated asset objects reloaded before import = 0
Number of asset objects unloaded after import = 3
========================================================================
Received Import Request.
  Time since last request: 0.058618 seconds.
  path: Assets/UI graphics/Inventory Icons/small/AppleS.png
  artifactKey: Guid(526be275396f24f25a6ed9d5ee176c5d) Importer(815301076,1909f56bfc062723c751e8b465ee728b)
Start importing Assets/UI graphics/Inventory Icons/small/AppleS.png using Guid(526be275396f24f25a6ed9d5ee176c5d) Importer(815301076,1909f56bfc062723c751e8b465ee728b)  -> (artifact id: '35bb88cbc1e65cefb01e346a1aa65e76') in 0.006431 seconds
Number of updated asset objects reloaded before import = 0
Number of asset objects unloaded after import = 3
========================================================================
Received Import Request.
  Time since last request: 0.000088 seconds.
  path: Assets/UI graphics/Inventory Icons/small/SprayCanS.png
  artifactKey: Guid(12683c817d70f42aa9f43c5b82f91db0) Importer(815301076,1909f56bfc062723c751e8b465ee728b)
Start importing Assets/UI graphics/Inventory Icons/small/SprayCanS.png using Guid(12683c817d70f42aa9f43c5b82f91db0) Importer(815301076,1909f56bfc062723c751e8b465ee728b)  -> (artifact id: 'e10bcce992f83352c5f6fa617544f0bc') in 0.005783 seconds
Number of updated asset objects reloaded before import = 0
Number of asset objects unloaded after import = 3
========================================================================
Received Import Request.
  Time since last request: 0.000147 seconds.
  path: Assets/UI graphics/Inventory Icons/small/HouseKeyS.png
  artifactKey: Guid(be816799591584b22b9c89a469f0bddf) Importer(815301076,1909f56bfc062723c751e8b465ee728b)
Start importing Assets/UI graphics/Inventory Icons/small/HouseKeyS.png using Guid(be816799591584b22b9c89a469f0bddf) Importer(815301076,1909f56bfc062723c751e8b465ee728b)  -> (artifact id: 'deeff922c82ae78b8938ba7c565d01eb') in 0.006561 seconds
Number of updated asset objects reloaded before import = 0
Number of asset objects unloaded after import = 3
========================================================================
Received Import Request.
  Time since last request: 0.000048 seconds.
  path: Assets/UI graphics/Inventory Icons/small/KnifeSmall.png
  artifactKey: Guid(088217e29405541558d3c5e587cfab81) Importer(815301076,1909f56bfc062723c751e8b465ee728b)
Start importing Assets/UI graphics/Inventory Icons/small/KnifeSmall.png using Guid(088217e29405541558d3c5e587cfab81) Importer(815301076,1909f56bfc062723c751e8b465ee728b)  -> (artifact id: '138bbc322863ec9939d00efede0e22e8') in 0.009291 seconds
Number of updated asset objects reloaded before import = 0
Number of asset objects unloaded after import = 3
========================================================================
Received Import Request.
  Time since last request: 0.000110 seconds.
  path: Assets/UI graphics/Inventory Icons/small/PistolSmall.png
  artifactKey: Guid(2c5076cac66c148e39db8cb93e319f6b) Importer(815301076,1909f56bfc062723c751e8b465ee728b)
Start importing Assets/UI graphics/Inventory Icons/small/PistolSmall.png using Guid(2c5076cac66c148e39db8cb93e319f6b) Importer(815301076,1909f56bfc062723c751e8b465ee728b)  -> (artifact id: 'c4df66f3d49cfc140c1c6c469ce93d89') in 0.006134 seconds
Number of updated asset objects reloaded before import = 0
Number of asset objects unloaded after import = 3
========================================================================
Received Import Request.
  Time since last request: 0.000157 seconds.
  path: Assets/UI graphics/Inventory Icons/small/CabinKeyS.png
  artifactKey: Guid(e2510331a75024ef9954c093108977a4) Importer(815301076,1909f56bfc062723c751e8b465ee728b)
Start importing Assets/UI graphics/Inventory Icons/small/CabinKeyS.png using Guid(e2510331a75024ef9954c093108977a4) Importer(815301076,1909f56bfc062723c751e8b465ee728b)  -> (artifact id: 'bbdcf46949dd38dfd9a69ef120bbb5bb') in 0.007000 seconds
Number of updated asset objects reloaded before import = 0
Number of asset objects unloaded after import = 3
========================================================================
Received Import Request.
  Time since last request: 0.000087 seconds.
  path: Assets/UI graphics/Inventory Icons/small/JerryCanS.png
  artifactKey: Guid(0a1ed69d4c43944b2bf39ee52cec2271) Importer(815301076,1909f56bfc062723c751e8b465ee728b)
Start importing Assets/UI graphics/Inventory Icons/small/JerryCanS.png using Guid(0a1ed69d4c43944b2bf39ee52cec2271) Importer(815301076,1909f56bfc062723c751e8b465ee728b)  -> (artifact id: '7a9f5c22987379d64bd7ecc5009e4f82') in 0.011553 seconds
Number of updated asset objects reloaded before import = 0
Number of asset objects unloaded after import = 3
========================================================================
Received Import Request.
  Time since last request: 0.000092 seconds.
  path: Assets/UI graphics/Inventory Icons/small/BottleS.png
  artifactKey: Guid(3e956859a7b4f495c95bb860869acbf4) Importer(815301076,1909f56bfc062723c751e8b465ee728b)
Start importing Assets/UI graphics/Inventory Icons/small/BottleS.png using Guid(3e956859a7b4f495c95bb860869acbf4) Importer(815301076,1909f56bfc062723c751e8b465ee728b)  -> (artifact id: 'd315e35b7e72e1c2bd7de6b9175b284d') in 0.006822 seconds
Number of updated asset objects reloaded before import = 0
Number of asset objects unloaded after import = 3
========================================================================
Received Import Request.
  Time since last request: 0.000056 seconds.
  path: Assets/UI graphics/Inventory Icons/small/FlashLightS.png
  artifactKey: Guid(550787f47bb274e22bcdcd39a66624ed) Importer(815301076,1909f56bfc062723c751e8b465ee728b)
Start importing Assets/UI graphics/Inventory Icons/small/FlashLightS.png using Guid(550787f47bb274e22bcdcd39a66624ed) Importer(815301076,1909f56bfc062723c751e8b465ee728b)  -> (artifact id: '0e6cf787802730423885e43f346e6cc5') in 0.006063 seconds
Number of updated asset objects reloaded before import = 0
Number of asset objects unloaded after import = 3
========================================================================
Received Import Request.
  Time since last request: 0.000100 seconds.
  path: Assets/UI graphics/Inventory Icons/small/NightvisionS.png
  artifactKey: Guid(8d5d52d7f7f3d405a8a4924e06d79985) Importer(815301076,1909f56bfc062723c751e8b465ee728b)
Start importing Assets/UI graphics/Inventory Icons/small/NightvisionS.png using Guid(8d5d52d7f7f3d405a8a4924e06d79985) Importer(815301076,1909f56bfc062723c751e8b465ee728b)  -> (artifact id: '51586558afb6040bb9c3eab75e8440c4') in 0.006436 seconds
Number of updated asset objects reloaded before import = 0
Number of asset objects unloaded after import = 3
========================================================================
Received Prepare
Begin MonoManager ReloadAssembly
Thread 0x2a838b000 may have been prematurely finalized
- Loaded All Assemblies, in  0.130 seconds
Refreshing native plugins compatible for Editor in 0.10 ms, found 0 plugins.
Native extension for iOS target not found
Native extension for Android target not found
Native extension for OSXStandalone target not found
Native extension for WebGL target not found
Mono: successfully reloaded assembly
- Finished resetting the current domain, in  0.247 seconds
Domain Reload Profiling: 379ms
	BeginReloadAssembly (77ms)
		ExecutionOrderSort (0ms)
		DisableScriptedObjects (3ms)
		BackupInstance (0ms)
		ReleaseScriptingObjects (0ms)
		CreateAndSetChildDomain (16ms)
	RebuildCommonClasses (22ms)
	RebuildNativeTypeToScriptingClass (8ms)
	initialDomainReloadingComplete (13ms)
	LoadAllAssembliesAndSetupDomain (11ms)
		LoadAssemblies (41ms)
		RebuildTransferFunctionScriptingTraits (0ms)
		AnalyzeDomain (6ms)
			TypeCache.Refresh (3ms)
				TypeCache.ScanAssembly (0ms)
			ScanForSourceGeneratedMonoScriptInfo (0ms)
			ResolveRequiredComponents (2ms)
	FinalizeReload (248ms)
		ReleaseScriptCaches (0ms)
		RebuildScriptCaches (0ms)
		SetupLoadedEditorAssemblies (137ms)
			LogAssemblyErrors (0ms)
			InitializePlatformSupportModulesInManaged (21ms)
			SetLoadedEditorAssemblies (3ms)
			RefreshPlugins (0ms)
			BeforeProcessingInitializeOnLoad (18ms)
			ProcessInitializeOnLoadAttributes (86ms)
			ProcessInitializeOnLoadMethodAttributes (9ms)
			AfterProcessingInitializeOnLoad (1ms)
			EditorAssembliesLoaded (0ms)
		ExecutionOrderSort2 (0ms)
		AwakeInstancesAfterBackupRestoration (2ms)
Refreshing native plugins compatible for Editor in 0.08 ms, found 0 plugins.
Preloading 0 native plugins for Editor in 0.00 ms.
Unloading 843 Unused Serialized files (Serialized files now loaded: 0)
Unloading 19 unused Assets / (2.0 MB). Loaded Objects now: 1436.
Memory consumption went from 130.8 MB to 128.8 MB.
Total: 2.456000 ms (FindLiveObjects: 0.065959 ms CreateObjectMapping: 0.014792 ms MarkObjects: 1.986333 ms  DeleteObjects: 0.388167 ms)

Prepare: number of updated asset objects reloaded= 0
AssetImportParameters requested are different than current active one (requested -> active):
  custom:video-encoder-webm-vp8: eb34c28f22e8b96e1ab97ce403110664 -> 
  custom:video-decoder-webm-vp8: 9c59270c3fd7afecdb556c50c9e8de78 -> 
  custom:audio-decoder-ogg-vorbis: bf7c407c2cedff20999df2af8eb42d56 -> 
  custom:SearchIndexIgnoredProperties: e643bd26f0fe6173181afceb89e7c659 -> 
  custom:container-demuxer-ogg: 62fdf1f143b41e24485cea50d1cbac27 -> 
  custom:AudioImporter_EditorPlatform: 3918e3fc78b5a79bad01e8451be0beb8 -> 
  custom:CustomObjectIndexerAttribute: 756ad292c208cfabdd7b50bc23989ffe -> 
  custom:container-demuxer-webm: 4f35f7cbe854078d1ac9338744f61a02 -> 
  custom:video-decoder-ogg-theora: a1e56fd34408186e4bbccfd4996cb3dc -> 
  custom:audio-encoder-webm-vorbis: bf7c407c2cedff20999df2af8eb42d56 -> 
  custom:framework-osx-AVFoundation: e770b220cccbd017edd2c1fefb359320 -> 
  custom:container-muxer-webm: aa71ff27fc2769a1b78a27578f13a17b -> 
========================================================================
Received Prepare
Begin MonoManager ReloadAssembly
Thread 0x2a838b000 may have been prematurely finalized
- Loaded All Assemblies, in  0.120 seconds
Refreshing native plugins compatible for Editor in 0.08 ms, found 0 plugins.
Native extension for iOS target not found
Native extension for Android target not found
Native extension for OSXStandalone target not found
Native extension for WebGL target not found
Mono: successfully reloaded assembly
- Finished resetting the current domain, in  0.230 seconds
Domain Reload Profiling: 350ms
	BeginReloadAssembly (70ms)
		ExecutionOrderSort (0ms)
		DisableScriptedObjects (3ms)
		BackupInstance (0ms)
		ReleaseScriptingObjects (0ms)
		CreateAndSetChildDomain (16ms)
	RebuildCommonClasses (22ms)
	RebuildNativeTypeToScriptingClass (8ms)
	initialDomainReloadingComplete (10ms)
	LoadAllAssembliesAndSetupDomain (9ms)
		LoadAssemblies (32ms)
		RebuildTransferFunctionScriptingTraits (0ms)
		AnalyzeDomain (6ms)
			TypeCache.Refresh (3ms)
				TypeCache.ScanAssembly (0ms)
			ScanForSourceGeneratedMonoScriptInfo (0ms)
			ResolveRequiredComponents (2ms)
	FinalizeReload (230ms)
		ReleaseScriptCaches (0ms)
		RebuildScriptCaches (0ms)
		SetupLoadedEditorAssemblies (140ms)
			LogAssemblyErrors (0ms)
			InitializePlatformSupportModulesInManaged (21ms)
			SetLoadedEditorAssemblies (4ms)
			RefreshPlugins (0ms)
			BeforeProcessingInitializeOnLoad (19ms)
			ProcessInitializeOnLoadAttributes (86ms)
			ProcessInitializeOnLoadMethodAttributes (9ms)
			AfterProcessingInitializeOnLoad (1ms)
			EditorAssembliesLoaded (0ms)
		ExecutionOrderSort2 (0ms)
		AwakeInstancesAfterBackupRestoration (2ms)
Refreshing native plugins compatible for Editor in 0.07 ms, found 0 plugins.
Preloading 0 native plugins for Editor in 0.00 ms.
Unloading 843 Unused Serialized files (Serialized files now loaded: 0)
Unloading 19 unused Assets / (2.0 MB). Loaded Objects now: 1436.
Memory consumption went from 134.5 MB to 132.4 MB.
Total: 2.225625 ms (FindLiveObjects: 0.057875 ms CreateObjectMapping: 0.013916 ms MarkObjects: 1.781125 ms  DeleteObjects: 0.372250 ms)

Prepare: number of updated asset objects reloaded= 0
AssetImportParameters requested are different than current active one (requested -> active):
  custom:video-encoder-webm-vp8: eb34c28f22e8b96e1ab97ce403110664 -> 
  custom:video-decoder-webm-vp8: 9c59270c3fd7afecdb556c50c9e8de78 -> 
  custom:audio-decoder-ogg-vorbis: bf7c407c2cedff20999df2af8eb42d56 -> 
  custom:SearchIndexIgnoredProperties: e643bd26f0fe6173181afceb89e7c659 -> 
  custom:container-demuxer-ogg: 62fdf1f143b41e24485cea50d1cbac27 -> 
  custom:AudioImporter_EditorPlatform: 3918e3fc78b5a79bad01e8451be0beb8 -> 
  custom:CustomObjectIndexerAttribute: 756ad292c208cfabdd7b50bc23989ffe -> 
  custom:container-demuxer-webm: 4f35f7cbe854078d1ac9338744f61a02 -> 
  custom:video-decoder-ogg-theora: a1e56fd34408186e4bbccfd4996cb3dc -> 
  custom:audio-encoder-webm-vorbis: bf7c407c2cedff20999df2af8eb42d56 -> 
  custom:framework-osx-AVFoundation: e770b220cccbd017edd2c1fefb359320 -> 
  custom:container-muxer-webm: aa71ff27fc2769a1b78a27578f13a17b -> 
========================================================================
Received Prepare
Begin MonoManager ReloadAssembly
Thread 0x2a838b000 may have been prematurely finalized
- Loaded All Assemblies, in  0.135 seconds
Refreshing native plugins compatible for Editor in 0.10 ms, found 0 plugins.
Native extension for iOS target not found
Native extension for Android target not found
Native extension for OSXStandalone target not found
Native extension for WebGL target not found
Mono: successfully reloaded assembly
- Finished resetting the current domain, in  0.257 seconds
Domain Reload Profiling: 394ms
	BeginReloadAssembly (83ms)
		ExecutionOrderSort (0ms)
		DisableScriptedObjects (3ms)
		BackupInstance (0ms)
		ReleaseScriptingObjects (0ms)
		CreateAndSetChildDomain (20ms)
	RebuildCommonClasses (23ms)
	RebuildNativeTypeToScriptingClass (8ms)
	initialDomainReloadingComplete (11ms)
	LoadAllAssembliesAndSetupDomain (11ms)
		LoadAssemblies (42ms)
		RebuildTransferFunctionScriptingTraits (0ms)
		AnalyzeDomain (7ms)
			TypeCache.Refresh (4ms)
				TypeCache.ScanAssembly (0ms)
			ScanForSourceGeneratedMonoScriptInfo (0ms)
			ResolveRequiredComponents (2ms)
	FinalizeReload (258ms)
		ReleaseScriptCaches (0ms)
		RebuildScriptCaches (0ms)
		SetupLoadedEditorAssemblies (147ms)
			LogAssemblyErrors (0ms)
			InitializePlatformSupportModulesInManaged (21ms)
			SetLoadedEditorAssemblies (3ms)
			RefreshPlugins (0ms)
			BeforeProcessingInitializeOnLoad (19ms)
			ProcessInitializeOnLoadAttributes (93ms)
			ProcessInitializeOnLoadMethodAttributes (10ms)
			AfterProcessingInitializeOnLoad (1ms)
			EditorAssembliesLoaded (0ms)
		ExecutionOrderSort2 (0ms)
		AwakeInstancesAfterBackupRestoration (2ms)
Refreshing native plugins compatible for Editor in 0.09 ms, found 0 plugins.
Preloading 0 native plugins for Editor in 0.00 ms.
Unloading 843 Unused Serialized files (Serialized files now loaded: 0)
Unloading 19 unused Assets / (2.0 MB). Loaded Objects now: 1436.
Memory consumption went from 138.0 MB to 135.9 MB.
Total: 2.475959 ms (FindLiveObjects: 0.055250 ms CreateObjectMapping: 0.014417 ms MarkObjects: 1.978375 ms  DeleteObjects: 0.427333 ms)

Prepare: number of updated asset objects reloaded= 0
AssetImportParameters requested are different than current active one (requested -> active):
  custom:video-encoder-webm-vp8: eb34c28f22e8b96e1ab97ce403110664 -> 
  custom:video-decoder-webm-vp8: 9c59270c3fd7afecdb556c50c9e8de78 -> 
  custom:audio-decoder-ogg-vorbis: bf7c407c2cedff20999df2af8eb42d56 -> 
  custom:SearchIndexIgnoredProperties: e643bd26f0fe6173181afceb89e7c659 -> 
  custom:container-demuxer-ogg: 62fdf1f143b41e24485cea50d1cbac27 -> 
  custom:AudioImporter_EditorPlatform: 3918e3fc78b5a79bad01e8451be0beb8 -> 
  custom:CustomObjectIndexerAttribute: 756ad292c208cfabdd7b50bc23989ffe -> 
  custom:container-demuxer-webm: 4f35f7cbe854078d1ac9338744f61a02 -> 
  custom:video-decoder-ogg-theora: a1e56fd34408186e4bbccfd4996cb3dc -> 
  custom:audio-encoder-webm-vorbis: bf7c407c2cedff20999df2af8eb42d56 -> 
  custom:framework-osx-AVFoundation: e770b220cccbd017edd2c1fefb359320 -> 
  custom:container-muxer-webm: aa71ff27fc2769a1b78a27578f13a17b -> 
========================================================================
Received Import Request.
  Time since last request: 16944.291202 seconds.
  path: Assets/Scripts/WeaponManager.cs
  artifactKey: Guid(6f2df075184464541920011275fb9967) Importer(815301076,1909f56bfc062723c751e8b465ee728b)
Start importing Assets/Scripts/WeaponManager.cs using Guid(6f2df075184464541920011275fb9967) Importer(815301076,1909f56bfc062723c751e8b465ee728b)  -> (artifact id: '6f05e28718ee32dd9413cb6399211ea6') in 0.001248 seconds
Number of updated asset objects reloaded before import = 0
Number of asset objects unloaded after import = 0
========================================================================
Received Prepare
Begin MonoManager ReloadAssembly
Thread 0x2a838b000 may have been prematurely finalized
- Loaded All Assemblies, in  0.125 seconds
Refreshing native plugins compatible for Editor in 0.09 ms, found 0 plugins.
Native extension for iOS target not found
Native extension for Android target not found
Native extension for OSXStandalone target not found
Native extension for WebGL target not found
Mono: successfully reloaded assembly
- Finished resetting the current domain, in  0.257 seconds
Domain Reload Profiling: 382ms
	BeginReloadAssembly (70ms)
		ExecutionOrderSort (0ms)
		DisableScriptedObjects (3ms)
		BackupInstance (0ms)
		ReleaseScriptingObjects (0ms)
		CreateAndSetChildDomain (16ms)
	RebuildCommonClasses (22ms)
	RebuildNativeTypeToScriptingClass (8ms)
	initialDomainReloadingComplete (10ms)
	LoadAllAssembliesAndSetupDomain (14ms)
		LoadAssemblies (34ms)
		RebuildTransferFunctionScriptingTraits (0ms)
		AnalyzeDomain (11ms)
			TypeCache.Refresh (4ms)
				TypeCache.ScanAssembly (0ms)
			ScanForSourceGeneratedMonoScriptInfo (4ms)
			ResolveRequiredComponents (2ms)
	FinalizeReload (257ms)
		ReleaseScriptCaches (0ms)
		RebuildScriptCaches (0ms)
		SetupLoadedEditorAssemblies (151ms)
			LogAssemblyErrors (0ms)
			InitializePlatformSupportModulesInManaged (23ms)
			SetLoadedEditorAssemblies (3ms)
			RefreshPlugins (0ms)
			BeforeProcessingInitializeOnLoad (19ms)
			ProcessInitializeOnLoadAttributes (96ms)
			ProcessInitializeOnLoadMethodAttributes (10ms)
			AfterProcessingInitializeOnLoad (1ms)
			EditorAssembliesLoaded (0ms)
		ExecutionOrderSort2 (0ms)
		AwakeInstancesAfterBackupRestoration (2ms)
Refreshing native plugins compatible for Editor in 0.08 ms, found 0 plugins.
Preloading 0 native plugins for Editor in 0.00 ms.
Unloading 844 Unused Serialized files (Serialized files now loaded: 0)
Unloading 19 unused Assets / (2.1 MB). Loaded Objects now: 1437.
Memory consumption went from 141.7 MB to 139.6 MB.
Total: 2.242042 ms (FindLiveObjects: 0.058958 ms CreateObjectMapping: 0.014291 ms MarkObjects: 1.765375 ms  DeleteObjects: 0.402875 ms)

Prepare: number of updated asset objects reloaded= 0
AssetImportParameters requested are different than current active one (requested -> active):
  custom:video-encoder-webm-vp8: eb34c28f22e8b96e1ab97ce403110664 -> 
  custom:video-decoder-webm-vp8: 9c59270c3fd7afecdb556c50c9e8de78 -> 
  custom:audio-decoder-ogg-vorbis: bf7c407c2cedff20999df2af8eb42d56 -> 
  custom:SearchIndexIgnoredProperties: e643bd26f0fe6173181afceb89e7c659 -> 
  custom:container-demuxer-ogg: 62fdf1f143b41e24485cea50d1cbac27 -> 
  custom:AudioImporter_EditorPlatform: 3918e3fc78b5a79bad01e8451be0beb8 -> 
  custom:CustomObjectIndexerAttribute: 756ad292c208cfabdd7b50bc23989ffe -> 
  custom:container-demuxer-webm: 4f35f7cbe854078d1ac9338744f61a02 -> 
  custom:video-decoder-ogg-theora: a1e56fd34408186e4bbccfd4996cb3dc -> 
  custom:audio-encoder-webm-vorbis: bf7c407c2cedff20999df2af8eb42d56 -> 
  custom:framework-osx-AVFoundation: e770b220cccbd017edd2c1fefb359320 -> 
  custom:container-muxer-webm: aa71ff27fc2769a1b78a27578f13a17b -> 
========================================================================
Received Import Request.
  Time since last request: 88.986003 seconds.
  path: Assets/Scripts/WeaponInventory.cs
  artifactKey: Guid(b5e561c4928e443708d6b61f1a02c807) Importer(815301076,1909f56bfc062723c751e8b465ee728b)
Start importing Assets/Scripts/WeaponInventory.cs using Guid(b5e561c4928e443708d6b61f1a02c807) Importer(815301076,1909f56bfc062723c751e8b465ee728b)  -> (artifact id: 'ca30f30e4a7f9455c0652431148877e5') in 0.000873 seconds
Number of updated asset objects reloaded before import = 0
Number of asset objects unloaded after import = 0
========================================================================
Received Prepare
Begin MonoManager ReloadAssembly
Thread 0x2a83e3000 may have been prematurely finalized
- Loaded All Assemblies, in  0.123 seconds
Refreshing native plugins compatible for Editor in 0.08 ms, found 0 plugins.
Native extension for iOS target not found
Native extension for Android target not found
Native extension for OSXStandalone target not found
Native extension for WebGL target not found
Mono: successfully reloaded assembly
- Finished resetting the current domain, in  0.231 seconds
Domain Reload Profiling: 355ms
	BeginReloadAssembly (69ms)
		ExecutionOrderSort (0ms)
		DisableScriptedObjects (3ms)
		BackupInstance (0ms)
		ReleaseScriptingObjects (0ms)
		CreateAndSetChildDomain (16ms)
	RebuildCommonClasses (22ms)
	RebuildNativeTypeToScriptingClass (8ms)
	initialDomainReloadingComplete (10ms)
	LoadAllAssembliesAndSetupDomain (14ms)
		LoadAssemblies (33ms)
		RebuildTransferFunctionScriptingTraits (0ms)
		AnalyzeDomain (11ms)
			TypeCache.Refresh (4ms)
				TypeCache.ScanAssembly (0ms)
			ScanForSourceGeneratedMonoScriptInfo (4ms)
			ResolveRequiredComponents (2ms)
	FinalizeReload (232ms)
		ReleaseScriptCaches (0ms)
		RebuildScriptCaches (0ms)
		SetupLoadedEditorAssemblies (139ms)
			LogAssemblyErrors (0ms)
			InitializePlatformSupportModulesInManaged (21ms)
			SetLoadedEditorAssemblies (3ms)
			RefreshPlugins (0ms)
			BeforeProcessingInitializeOnLoad (19ms)
			ProcessInitializeOnLoadAttributes (86ms)
			ProcessInitializeOnLoadMethodAttributes (9ms)
			AfterProcessingInitializeOnLoad (1ms)
			EditorAssembliesLoaded (0ms)
		ExecutionOrderSort2 (0ms)
		AwakeInstancesAfterBackupRestoration (2ms)
Refreshing native plugins compatible for Editor in 0.09 ms, found 0 plugins.
Preloading 0 native plugins for Editor in 0.00 ms.
Unloading 844 Unused Serialized files (Serialized files now loaded: 0)
Unloading 19 unused Assets / (2.0 MB). Loaded Objects now: 1437.
Memory consumption went from 145.4 MB to 143.3 MB.
Total: 2.437583 ms (FindLiveObjects: 0.090458 ms CreateObjectMapping: 0.016500 ms MarkObjects: 1.909459 ms  DeleteObjects: 0.420208 ms)

Prepare: number of updated asset objects reloaded= 0
AssetImportParameters requested are different than current active one (requested -> active):
  custom:video-encoder-webm-vp8: eb34c28f22e8b96e1ab97ce403110664 -> 
  custom:video-decoder-webm-vp8: 9c59270c3fd7afecdb556c50c9e8de78 -> 
  custom:audio-decoder-ogg-vorbis: bf7c407c2cedff20999df2af8eb42d56 -> 
  custom:SearchIndexIgnoredProperties: e643bd26f0fe6173181afceb89e7c659 -> 
  custom:container-demuxer-ogg: 62fdf1f143b41e24485cea50d1cbac27 -> 
  custom:AudioImporter_EditorPlatform: 3918e3fc78b5a79bad01e8451be0beb8 -> 
  custom:CustomObjectIndexerAttribute: 756ad292c208cfabdd7b50bc23989ffe -> 
  custom:container-demuxer-webm: 4f35f7cbe854078d1ac9338744f61a02 -> 
  custom:video-decoder-ogg-theora: a1e56fd34408186e4bbccfd4996cb3dc -> 
  custom:audio-encoder-webm-vorbis: bf7c407c2cedff20999df2af8eb42d56 -> 
  custom:framework-osx-AVFoundation: e770b220cccbd017edd2c1fefb359320 -> 
  custom:container-muxer-webm: aa71ff27fc2769a1b78a27578f13a17b -> 
========================================================================
Received Import Request.
  Time since last request: 2.324160 seconds.
  path: Assets/Scripts/WeaponInventory.cs
  artifactKey: Guid(b5e561c4928e443708d6b61f1a02c807) Importer(815301076,1909f56bfc062723c751e8b465ee728b)
Start importing Assets/Scripts/WeaponInventory.cs using Guid(b5e561c4928e443708d6b61f1a02c807) Importer(815301076,1909f56bfc062723c751e8b465ee728b)  -> (artifact id: 'de1e677b5fa856083a88c93e45e4b5e1') in 0.000954 seconds
Number of updated asset objects reloaded before import = 0
Number of asset objects unloaded after import = 0
========================================================================
Received Prepare
Begin MonoManager ReloadAssembly
Thread 0x2c13db000 may have been prematurely finalized
- Loaded All Assemblies, in  0.139 seconds
Refreshing native plugins compatible for Editor in 0.19 ms, found 0 plugins.
Native extension for iOS target not found
Native extension for Android target not found
Native extension for OSXStandalone target not found
Native extension for WebGL target not found
Mono: successfully reloaded assembly
- Finished resetting the current domain, in  0.360 seconds
Domain Reload Profiling: 502ms
	BeginReloadAssembly (83ms)
		ExecutionOrderSort (0ms)
		DisableScriptedObjects (3ms)
		BackupInstance (0ms)
		ReleaseScriptingObjects (0ms)
		CreateAndSetChildDomain (20ms)
	RebuildCommonClasses (22ms)
	RebuildNativeTypeToScriptingClass (7ms)
	initialDomainReloadingComplete (11ms)
	LoadAllAssembliesAndSetupDomain (19ms)
		LoadAssemblies (43ms)
		RebuildTransferFunctionScriptingTraits (0ms)
		AnalyzeDomain (12ms)
			TypeCache.Refresh (5ms)
				TypeCache.ScanAssembly (0ms)
			ScanForSourceGeneratedMonoScriptInfo (4ms)
			ResolveRequiredComponents (2ms)
	FinalizeReload (361ms)
		ReleaseScriptCaches (0ms)
		RebuildScriptCaches (0ms)
		SetupLoadedEditorAssemblies (149ms)
			LogAssemblyErrors (0ms)
			InitializePlatformSupportModulesInManaged (23ms)
			SetLoadedEditorAssemblies (3ms)
			RefreshPlugins (0ms)
			BeforeProcessingInitializeOnLoad (18ms)
			ProcessInitializeOnLoadAttributes (92ms)
			ProcessInitializeOnLoadMethodAttributes (11ms)
			AfterProcessingInitializeOnLoad (1ms)
			EditorAssembliesLoaded (0ms)
		ExecutionOrderSort2 (0ms)
		AwakeInstancesAfterBackupRestoration (2ms)
Refreshing native plugins compatible for Editor in 0.08 ms, found 0 plugins.
Preloading 0 native plugins for Editor in 0.00 ms.
Unloading 844 Unused Serialized files (Serialized files now loaded: 0)
Unloading 19 unused Assets / (2.1 MB). Loaded Objects now: 1437.
Memory consumption went from 149.0 MB to 147.0 MB.
Total: 2.441667 ms (FindLiveObjects: 0.064875 ms CreateObjectMapping: 0.014250 ms MarkObjects: 1.946833 ms  DeleteObjects: 0.415334 ms)

Prepare: number of updated asset objects reloaded= 0
AssetImportParameters requested are different than current active one (requested -> active):
  custom:video-encoder-webm-vp8: eb34c28f22e8b96e1ab97ce403110664 -> 
  custom:video-decoder-webm-vp8: 9c59270c3fd7afecdb556c50c9e8de78 -> 
  custom:audio-decoder-ogg-vorbis: bf7c407c2cedff20999df2af8eb42d56 -> 
  custom:SearchIndexIgnoredProperties: e643bd26f0fe6173181afceb89e7c659 -> 
  custom:container-demuxer-ogg: 62fdf1f143b41e24485cea50d1cbac27 -> 
  custom:AudioImporter_EditorPlatform: 3918e3fc78b5a79bad01e8451be0beb8 -> 
  custom:CustomObjectIndexerAttribute: 756ad292c208cfabdd7b50bc23989ffe -> 
  custom:container-demuxer-webm: 4f35f7cbe854078d1ac9338744f61a02 -> 
  custom:video-decoder-ogg-theora: a1e56fd34408186e4bbccfd4996cb3dc -> 
  custom:audio-encoder-webm-vorbis: bf7c407c2cedff20999df2af8eb42d56 -> 
  custom:framework-osx-AVFoundation: e770b220cccbd017edd2c1fefb359320 -> 
  custom:container-muxer-webm: aa71ff27fc2769a1b78a27578f13a17b -> 
========================================================================
Received Prepare
Begin MonoManager ReloadAssembly
Thread 0x2c13db000 may have been prematurely finalized
- Loaded All Assemblies, in  0.128 seconds
Refreshing native plugins compatible for Editor in 0.09 ms, found 0 plugins.
Native extension for iOS target not found
Native extension for Android target not found
Native extension for OSXStandalone target not found
Native extension for WebGL target not found
Mono: successfully reloaded assembly
- Finished resetting the current domain, in  0.250 seconds
Domain Reload Profiling: 379ms
	BeginReloadAssembly (73ms)
		ExecutionOrderSort (0ms)
		DisableScriptedObjects (3ms)
		BackupInstance (0ms)
		ReleaseScriptingObjects (0ms)
		CreateAndSetChildDomain (16ms)
	RebuildCommonClasses (21ms)
	RebuildNativeTypeToScriptingClass (8ms)
	initialDomainReloadingComplete (11ms)
	LoadAllAssembliesAndSetupDomain (16ms)
		LoadAssemblies (37ms)
		RebuildTransferFunctionScriptingTraits (0ms)
		AnalyzeDomain (11ms)
			TypeCache.Refresh (4ms)
				TypeCache.ScanAssembly (0ms)
			ScanForSourceGeneratedMonoScriptInfo (4ms)
			ResolveRequiredComponents (2ms)
	FinalizeReload (250ms)
		ReleaseScriptCaches (0ms)
		RebuildScriptCaches (0ms)
		SetupLoadedEditorAssemblies (142ms)
			LogAssemblyErrors (0ms)
			InitializePlatformSupportModulesInManaged (20ms)
			SetLoadedEditorAssemblies (3ms)
			RefreshPlugins (0ms)
			BeforeProcessingInitializeOnLoad (18ms)
			ProcessInitializeOnLoadAttributes (90ms)
			ProcessInitializeOnLoadMethodAttributes (9ms)
			AfterProcessingInitializeOnLoad (1ms)
			EditorAssembliesLoaded (0ms)
		ExecutionOrderSort2 (0ms)
		AwakeInstancesAfterBackupRestoration (2ms)
Refreshing native plugins compatible for Editor in 0.09 ms, found 0 plugins.
Preloading 0 native plugins for Editor in 0.00 ms.
Unloading 844 Unused Serialized files (Serialized files now loaded: 0)
Unloading 19 unused Assets / (2.0 MB). Loaded Objects now: 1437.
Memory consumption went from 152.6 MB to 150.6 MB.
Total: 2.218292 ms (FindLiveObjects: 0.058542 ms CreateObjectMapping: 0.013541 ms MarkObjects: 1.750375 ms  DeleteObjects: 0.395500 ms)

Prepare: number of updated asset objects reloaded= 0
AssetImportParameters requested are different than current active one (requested -> active):
  custom:video-encoder-webm-vp8: eb34c28f22e8b96e1ab97ce403110664 -> 
  custom:video-decoder-webm-vp8: 9c59270c3fd7afecdb556c50c9e8de78 -> 
  custom:audio-decoder-ogg-vorbis: bf7c407c2cedff20999df2af8eb42d56 -> 
  custom:SearchIndexIgnoredProperties: e643bd26f0fe6173181afceb89e7c659 -> 
  custom:container-demuxer-ogg: 62fdf1f143b41e24485cea50d1cbac27 -> 
  custom:AudioImporter_EditorPlatform: 3918e3fc78b5a79bad01e8451be0beb8 -> 
  custom:CustomObjectIndexerAttribute: 756ad292c208cfabdd7b50bc23989ffe -> 
  custom:container-demuxer-webm: 4f35f7cbe854078d1ac9338744f61a02 -> 
  custom:video-decoder-ogg-theora: a1e56fd34408186e4bbccfd4996cb3dc -> 
  custom:audio-encoder-webm-vorbis: bf7c407c2cedff20999df2af8eb42d56 -> 
  custom:framework-osx-AVFoundation: e770b220cccbd017edd2c1fefb359320 -> 
  custom:container-muxer-webm: aa71ff27fc2769a1b78a27578f13a17b -> 
========================================================================
Received Prepare
Begin MonoManager ReloadAssembly
Thread 0x2c13db000 may have been prematurely finalized
- Loaded All Assemblies, in  0.124 seconds
Refreshing native plugins compatible for Editor in 0.08 ms, found 0 plugins.
Native extension for iOS target not found
Native extension for Android target not found
Native extension for OSXStandalone target not found
Native extension for WebGL target not found
Mono: successfully reloaded assembly
- Finished resetting the current domain, in  0.251 seconds
Domain Reload Profiling: 375ms
	BeginReloadAssembly (71ms)
		ExecutionOrderSort (0ms)
		DisableScriptedObjects (3ms)
		BackupInstance (0ms)
		ReleaseScriptingObjects (0ms)
		CreateAndSetChildDomain (16ms)
	RebuildCommonClasses (22ms)
	RebuildNativeTypeToScriptingClass (8ms)
	initialDomainReloadingComplete (10ms)
	LoadAllAssembliesAndSetupDomain (13ms)
		LoadAssemblies (34ms)
		RebuildTransferFunctionScriptingTraits (0ms)
		AnalyzeDomain (10ms)
			TypeCache.Refresh (4ms)
				TypeCache.ScanAssembly (0ms)
			ScanForSourceGeneratedMonoScriptInfo (4ms)
			ResolveRequiredComponents (2ms)
	FinalizeReload (251ms)
		ReleaseScriptCaches (0ms)
		RebuildScriptCaches (0ms)
		SetupLoadedEditorAssemblies (145ms)
			LogAssemblyErrors (0ms)
			InitializePlatformSupportModulesInManaged (23ms)
			SetLoadedEditorAssemblies (4ms)
			RefreshPlugins (0ms)
			BeforeProcessingInitializeOnLoad (19ms)
			ProcessInitializeOnLoadAttributes (89ms)
			ProcessInitializeOnLoadMethodAttributes (10ms)
			AfterProcessingInitializeOnLoad (1ms)
			EditorAssembliesLoaded (0ms)
		ExecutionOrderSort2 (0ms)
		AwakeInstancesAfterBackupRestoration (2ms)
Refreshing native plugins compatible for Editor in 0.08 ms, found 0 plugins.
Preloading 0 native plugins for Editor in 0.00 ms.
Unloading 844 Unused Serialized files (Serialized files now loaded: 0)
Unloading 19 unused Assets / (2.0 MB). Loaded Objects now: 1437.
Memory consumption went from 156.1 MB to 154.1 MB.
Total: 2.270209 ms (FindLiveObjects: 0.058584 ms CreateObjectMapping: 0.016375 ms MarkObjects: 1.810459 ms  DeleteObjects: 0.384458 ms)

Prepare: number of updated asset objects reloaded= 0
AssetImportParameters requested are different than current active one (requested -> active):
  custom:video-encoder-webm-vp8: eb34c28f22e8b96e1ab97ce403110664 -> 
  custom:video-decoder-webm-vp8: 9c59270c3fd7afecdb556c50c9e8de78 -> 
  custom:audio-decoder-ogg-vorbis: bf7c407c2cedff20999df2af8eb42d56 -> 
  custom:SearchIndexIgnoredProperties: e643bd26f0fe6173181afceb89e7c659 -> 
  custom:container-demuxer-ogg: 62fdf1f143b41e24485cea50d1cbac27 -> 
  custom:AudioImporter_EditorPlatform: 3918e3fc78b5a79bad01e8451be0beb8 -> 
  custom:CustomObjectIndexerAttribute: 756ad292c208cfabdd7b50bc23989ffe -> 
  custom:container-demuxer-webm: 4f35f7cbe854078d1ac9338744f61a02 -> 
  custom:video-decoder-ogg-theora: a1e56fd34408186e4bbccfd4996cb3dc -> 
  custom:audio-encoder-webm-vorbis: bf7c407c2cedff20999df2af8eb42d56 -> 
  custom:framework-osx-AVFoundation: e770b220cccbd017edd2c1fefb359320 -> 
  custom:container-muxer-webm: aa71ff27fc2769a1b78a27578f13a17b -> 
========================================================================
Received Import Request.
  Time since last request: 6784.934141 seconds.
  path: Assets/Scripts/LookMode.cs
  artifactKey: Guid(6e5afe11e5c3f44658a9ad23568b524a) Importer(815301076,1909f56bfc062723c751e8b465ee728b)
Start importing Assets/Scripts/LookMode.cs using Guid(6e5afe11e5c3f44658a9ad23568b524a) Importer(815301076,1909f56bfc062723c751e8b465ee728b)  -> (artifact id: '7de7f568e09287772e48b725ca7d7c49') in 0.001454 seconds
Number of updated asset objects reloaded before import = 0
Number of asset objects unloaded after import = 0
========================================================================
Received Prepare
Begin MonoManager ReloadAssembly
Thread 0x2c13db000 may have been prematurely finalized
- Loaded All Assemblies, in  0.121 seconds
Refreshing native plugins compatible for Editor in 0.06 ms, found 0 plugins.
Native extension for iOS target not found
Native extension for Android target not found
Native extension for OSXStandalone target not found
Native extension for WebGL target not found
Mono: successfully reloaded assembly
- Finished resetting the current domain, in  0.237 seconds
Domain Reload Profiling: 359ms
	BeginReloadAssembly (69ms)
		ExecutionOrderSort (0ms)
		DisableScriptedObjects (3ms)
		BackupInstance (0ms)
		ReleaseScriptingObjects (0ms)
		CreateAndSetChildDomain (16ms)
	RebuildCommonClasses (21ms)
	RebuildNativeTypeToScriptingClass (8ms)
	initialDomainReloadingComplete (10ms)
	LoadAllAssembliesAndSetupDomain (13ms)
		LoadAssemblies (32ms)
		RebuildTransferFunctionScriptingTraits (0ms)
		AnalyzeDomain (10ms)
			TypeCache.Refresh (4ms)
				TypeCache.ScanAssembly (0ms)
			ScanForSourceGeneratedMonoScriptInfo (4ms)
			ResolveRequiredComponents (2ms)
	FinalizeReload (237ms)
		ReleaseScriptCaches (0ms)
		RebuildScriptCaches (0ms)
		SetupLoadedEditorAssemblies (144ms)
			LogAssemblyErrors (0ms)
			InitializePlatformSupportModulesInManaged (22ms)
			SetLoadedEditorAssemblies (3ms)
			RefreshPlugins (0ms)
			BeforeProcessingInitializeOnLoad (19ms)
			ProcessInitializeOnLoadAttributes (89ms)
			ProcessInitializeOnLoadMethodAttributes (9ms)
			AfterProcessingInitializeOnLoad (1ms)
			EditorAssembliesLoaded (0ms)
		ExecutionOrderSort2 (0ms)
		AwakeInstancesAfterBackupRestoration (2ms)
Refreshing native plugins compatible for Editor in 0.09 ms, found 0 plugins.
Preloading 0 native plugins for Editor in 0.00 ms.
Unloading 844 Unused Serialized files (Serialized files now loaded: 0)
Unloading 19 unused Assets / (2.0 MB). Loaded Objects now: 1437.
Memory consumption went from 159.7 MB to 157.7 MB.
Total: 2.302208 ms (FindLiveObjects: 0.062875 ms CreateObjectMapping: 0.014375 ms MarkObjects: 1.822458 ms  DeleteObjects: 0.402208 ms)

Prepare: number of updated asset objects reloaded= 0
AssetImportParameters requested are different than current active one (requested -> active):
  custom:video-encoder-webm-vp8: eb34c28f22e8b96e1ab97ce403110664 -> 
  custom:video-decoder-webm-vp8: 9c59270c3fd7afecdb556c50c9e8de78 -> 
  custom:audio-decoder-ogg-vorbis: bf7c407c2cedff20999df2af8eb42d56 -> 
  custom:SearchIndexIgnoredProperties: e643bd26f0fe6173181afceb89e7c659 -> 
  custom:container-demuxer-ogg: 62fdf1f143b41e24485cea50d1cbac27 -> 
  custom:AudioImporter_EditorPlatform: 3918e3fc78b5a79bad01e8451be0beb8 -> 
  custom:CustomObjectIndexerAttribute: 756ad292c208cfabdd7b50bc23989ffe -> 
  custom:container-demuxer-webm: 4f35f7cbe854078d1ac9338744f61a02 -> 
  custom:video-decoder-ogg-theora: a1e56fd34408186e4bbccfd4996cb3dc -> 
  custom:audio-encoder-webm-vorbis: bf7c407c2cedff20999df2af8eb42d56 -> 
  custom:framework-osx-AVFoundation: e770b220cccbd017edd2c1fefb359320 -> 
  custom:container-muxer-webm: aa71ff27fc2769a1b78a27578f13a17b -> 
========================================================================
Received Prepare
Begin MonoManager ReloadAssembly
Thread 0x2c13db000 may have been prematurely finalized
- Loaded All Assemblies, in  0.124 seconds
Refreshing native plugins compatible for Editor in 0.09 ms, found 0 plugins.
Native extension for iOS target not found
Native extension for Android target not found
Native extension for OSXStandalone target not found
Native extension for WebGL target not found
Mono: successfully reloaded assembly
- Finished resetting the current domain, in  0.243 seconds
Domain Reload Profiling: 368ms
	BeginReloadAssembly (72ms)
		ExecutionOrderSort (0ms)
		DisableScriptedObjects (3ms)
		BackupInstance (0ms)
		ReleaseScriptingObjects (0ms)
		CreateAndSetChildDomain (16ms)
	RebuildCommonClasses (23ms)
	RebuildNativeTypeToScriptingClass (8ms)
	initialDomainReloadingComplete (10ms)
	LoadAllAssembliesAndSetupDomain (10ms)
		LoadAssemblies (36ms)
		RebuildTransferFunctionScriptingTraits (0ms)
		AnalyzeDomain (6ms)
			TypeCache.Refresh (3ms)
				TypeCache.ScanAssembly (0ms)
			ScanForSourceGeneratedMonoScriptInfo (0ms)
			ResolveRequiredComponents (2ms)
	FinalizeReload (244ms)
		ReleaseScriptCaches (0ms)
		RebuildScriptCaches (0ms)
		SetupLoadedEditorAssemblies (148ms)
			LogAssemblyErrors (0ms)
			InitializePlatformSupportModulesInManaged (21ms)
			SetLoadedEditorAssemblies (3ms)
			RefreshPlugins (0ms)
			BeforeProcessingInitializeOnLoad (19ms)
			ProcessInitializeOnLoadAttributes (95ms)
			ProcessInitializeOnLoadMethodAttributes (10ms)
			AfterProcessingInitializeOnLoad (1ms)
			EditorAssembliesLoaded (0ms)
		ExecutionOrderSort2 (0ms)
		AwakeInstancesAfterBackupRestoration (2ms)
Refreshing native plugins compatible for Editor in 0.08 ms, found 0 plugins.
Preloading 0 native plugins for Editor in 0.00 ms.
Unloading 844 Unused Serialized files (Serialized files now loaded: 0)
Unloading 19 unused Assets / (2.0 MB). Loaded Objects now: 1437.
Memory consumption went from 163.4 MB to 161.3 MB.
Total: 2.221417 ms (FindLiveObjects: 0.056791 ms CreateObjectMapping: 0.013667 ms MarkObjects: 1.768625 ms  DeleteObjects: 0.381834 ms)

Prepare: number of updated asset objects reloaded= 0
AssetImportParameters requested are different than current active one (requested -> active):
  custom:video-encoder-webm-vp8: eb34c28f22e8b96e1ab97ce403110664 -> 
  custom:video-decoder-webm-vp8: 9c59270c3fd7afecdb556c50c9e8de78 -> 
  custom:audio-decoder-ogg-vorbis: bf7c407c2cedff20999df2af8eb42d56 -> 
  custom:SearchIndexIgnoredProperties: e643bd26f0fe6173181afceb89e7c659 -> 
  custom:container-demuxer-ogg: 62fdf1f143b41e24485cea50d1cbac27 -> 
  custom:AudioImporter_EditorPlatform: 3918e3fc78b5a79bad01e8451be0beb8 -> 
  custom:CustomObjectIndexerAttribute: 756ad292c208cfabdd7b50bc23989ffe -> 
  custom:container-demuxer-webm: 4f35f7cbe854078d1ac9338744f61a02 -> 
  custom:video-decoder-ogg-theora: a1e56fd34408186e4bbccfd4996cb3dc -> 
  custom:audio-encoder-webm-vorbis: bf7c407c2cedff20999df2af8eb42d56 -> 
  custom:framework-osx-AVFoundation: e770b220cccbd017edd2c1fefb359320 -> 
  custom:container-muxer-webm: aa71ff27fc2769a1b78a27578f13a17b -> 
